INFO:root:Found new class FaithfulNoxious
INFO:root:AlansonAgree is similar to BladeFascinated with k=1.0
INFO:root:    v_pub                   4	4	0.037037037037037035
INFO:root:    v_pub_s                 0	0	0.037037037037037035
INFO:root:    v_priv                  0	0	0.037037037037037035
INFO:root:    v_priv_s                0	0	0.037037037037037035
INFO:root:    c_pub                   0	0	0.037037037037037035
INFO:root:    c_pub_s                 0	0	0.037037037037037035
INFO:root:    c_priv                  0	0	0.037037037037037035
INFO:root:    c_priv_s                0	0	0.037037037037037035
INFO:root:    f_pub                   10	10	0.037037037037037035
INFO:root:    f_pub_s                 1	1	0.037037037037037035
INFO:root:    f_priv                  0	0	0.037037037037037035
INFO:root:    f_priv_s                0	0	0.037037037037037035
INFO:root:    lines_count             96	96	0.1111111111111111
INFO:root:    xref_count              50	50	0.1111111111111111
INFO:root:    imports_clean           1	1	0.07407407407407407
INFO:root:    imports_mangled         0	0	0.07407407407407407
INFO:root:    demangled_identifiers   ['toString']	['toString']	0.07407407407407407
INFO:root:    func_arguments          ['-', '-', '-', '-', '-', '-', '-', '-', 'Byte', 'int', 'int=0Stri=nint=0int=0Bool=fBool=f!=nNumb=0']	['-', '-', '-', '-', '-', '-', '-', '-', 'Byte', 'int', 'int=0Stri=nint=0int=0Bool=fBool=f!=nNumb=0']	0.1111111111111111
INFO:root:MightyGate is similar to WhistleWindy with k=0.962962962962963
INFO:root:    v_pub                   4	4	0.037037037037037035
INFO:root:    v_pub_s                 0	0	0.037037037037037035
INFO:root:    v_priv                  0	0	0.037037037037037035
INFO:root:    v_priv_s                0	0	0.037037037037037035
INFO:root:    c_pub                   0	0	0.037037037037037035
INFO:root:    c_pub_s                 0	0	0.037037037037037035
INFO:root:    c_priv                  0	0	0.037037037037037035
INFO:root:    c_priv_s                0	0	0.037037037037037035
INFO:root:    f_pub                   1	1	0.037037037037037035
INFO:root:    f_pub_s                 0	0	0.037037037037037035
INFO:root:    f_priv                  0	0	0.037037037037037035
INFO:root:    f_priv_s                0	0	0.037037037037037035
INFO:root:    lines_count             20	20	0.1111111111111111
INFO:root:    xref_count              11	11	0.1111111111111111
INFO:root:    imports_clean           0	0	0.07407407407407407
INFO:root:    imports_mangled         0	0	0.07407407407407407
INFO:root:    demangled_identifiers   []	['-']	0.059259259259259255
INFO:root:    func_arguments          ['-']	[]	0.08888888888888888
INFO:root:ChickenObeisant is similar to TrailAbaft with k=0.962962962962963
INFO:root:    v_pub                   1	1	0.037037037037037035
INFO:root:    v_pub_s                 0	0	0.037037037037037035
INFO:root:    v_priv                  0	0	0.037037037037037035
INFO:root:    v_priv_s                0	0	0.037037037037037035
INFO:root:    c_pub                   0	0	0.037037037037037035
INFO:root:    c_pub_s                 0	0	0.037037037037037035
INFO:root:    c_priv                  0	0	0.037037037037037035
INFO:root:    c_priv_s                0	0	0.037037037037037035
INFO:root:    f_pub                   1	1	0.037037037037037035
INFO:root:    f_pub_s                 0	0	0.037037037037037035
INFO:root:    f_priv                  0	0	0.037037037037037035
INFO:root:    f_priv_s                0	0	0.037037037037037035
INFO:root:    lines_count             36	36	0.1111111111111111
INFO:root:    xref_count              1	1	0.1111111111111111
INFO:root:    imports_clean           1	1	0.07407407407407407
INFO:root:    imports_mangled         0	0	0.07407407407407407
INFO:root:    demangled_identifiers   []	['Byte']	0.059259259259259255
INFO:root:    func_arguments          ['Byte']	[]	0.08888888888888888
INFO:root:AdaptableBorrow is similar to YellObtainable with k=1.0
INFO:root:    v_pub                   0	0	0.037037037037037035
INFO:root:    v_pub_s                 0	0	0.037037037037037035
INFO:root:    v_priv                  0	0	0.037037037037037035
INFO:root:    v_priv_s                0	0	0.037037037037037035
INFO:root:    c_pub                   0	0	0.037037037037037035
INFO:root:    c_pub_s                 0	0	0.037037037037037035
INFO:root:    c_priv                  0	0	0.037037037037037035
INFO:root:    c_priv_s                0	0	0.037037037037037035
INFO:root:    f_pub                   0	0	0.037037037037037035
INFO:root:    f_pub_s                 0	0	0.037037037037037035
INFO:root:    f_priv                  0	0	0.037037037037037035
INFO:root:    f_priv_s                0	0	0.037037037037037035
INFO:root:    lines_count             7	7	0.1111111111111111
INFO:root:    xref_count              1	1	0.1111111111111111
INFO:root:    imports_clean           0	0	0.07407407407407407
INFO:root:    imports_mangled         0	0	0.07407407407407407
INFO:root:    demangled_identifiers   []	[]	0.07407407407407407
INFO:root:    func_arguments          []	[]	0.1111111111111111
INFO:root:FourScratch is similar to CardUnit with k=0.9259259259259259
INFO:root:    v_pub                   0	0	0.037037037037037035
INFO:root:    v_pub_s                 0	0	0.037037037037037035
INFO:root:    v_priv                  0	0	0.037037037037037035
INFO:root:    v_priv_s                0	0	0.037037037037037035
INFO:root:    c_pub                   0	0	0.037037037037037035
INFO:root:    c_pub_s                 0	0	0.037037037037037035
INFO:root:    c_priv                  0	0	0.037037037037037035
INFO:root:    c_priv_s                0	0	0.037037037037037035
INFO:root:    f_pub                   1	1	0.037037037037037035
INFO:root:    f_pub_s                 1	1	0.037037037037037035
INFO:root:    f_priv                  0	0	0.037037037037037035
INFO:root:    f_priv_s                0	0	0.037037037037037035
INFO:root:    lines_count             63	63	0.1111111111111111
INFO:root:    xref_count              1	1	0.1111111111111111
INFO:root:    imports_clean           2	2	0.07407407407407407
INFO:root:    imports_mangled         0	0	0.07407407407407407
INFO:root:    demangled_identifiers   []	['-', 'intint']	0.04444444444444444
INFO:root:    func_arguments          ['-', 'intint']	[]	0.06666666666666665
INFO:root:PatProse is similar to BuryGullible with k=1.0
INFO:root:    v_pub                   2	2	0.037037037037037035
INFO:root:    v_pub_s                 0	0	0.037037037037037035
INFO:root:    v_priv                  0	0	0.037037037037037035
INFO:root:    v_priv_s                0	0	0.037037037037037035
INFO:root:    c_pub                   0	0	0.037037037037037035
INFO:root:    c_pub_s                 0	0	0.037037037037037035
INFO:root:    c_priv                  0	0	0.037037037037037035
INFO:root:    c_priv_s                0	0	0.037037037037037035
INFO:root:    f_pub                   1	1	0.037037037037037035
INFO:root:    f_pub_s                 0	0	0.037037037037037035
INFO:root:    f_priv                  0	0	0.037037037037037035
INFO:root:    f_priv_s                0	0	0.037037037037037035
INFO:root:    lines_count             20	20	0.1111111111111111
INFO:root:    xref_count              2	2	0.1111111111111111
INFO:root:    imports_clean           1	1	0.07407407407407407
INFO:root:    imports_mangled         0	0	0.07407407407407407
INFO:root:    demangled_identifiers   ['x', 'y']	['x', 'y']	0.07407407407407407
INFO:root:    func_arguments          ['Byte']	['Byte']	0.1111111111111111
INFO:root:RobinPat is similar to WarlikeProgram with k=0.962962962962963
INFO:root:    v_pub                   0	0	0.037037037037037035
INFO:root:    v_pub_s                 0	0	0.037037037037037035
INFO:root:    v_priv                  0	0	0.037037037037037035
INFO:root:    v_priv_s                0	0	0.037037037037037035
INFO:root:    c_pub                   0	0	0.037037037037037035
INFO:root:    c_pub_s                 0	0	0.037037037037037035
INFO:root:    c_priv                  0	0	0.037037037037037035
INFO:root:    c_priv_s                0	0	0.037037037037037035
INFO:root:    f_pub                   1	1	0.037037037037037035
INFO:root:    f_pub_s                 0	0	0.037037037037037035
INFO:root:    f_priv                  0	0	0.037037037037037035
INFO:root:    f_priv_s                0	0	0.037037037037037035
INFO:root:    lines_count             14	14	0.1111111111111111
INFO:root:    xref_count              1	1	0.1111111111111111
INFO:root:    imports_clean           0	0	0.07407407407407407
INFO:root:    imports_mangled         0	0	0.07407407407407407
INFO:root:    demangled_identifiers   []	['intBool']	0.059259259259259255
INFO:root:    func_arguments          ['intBool']	[]	0.08888888888888888
INFO:root:LookMouse is similar to HystericalAmuse with k=0.962962962962963
INFO:root:    v_pub                   1	1	0.037037037037037035
INFO:root:    v_pub_s                 0	0	0.037037037037037035
INFO:root:    v_priv                  0	0	0.037037037037037035
INFO:root:    v_priv_s                0	0	0.037037037037037035
INFO:root:    c_pub                   0	0	0.037037037037037035
INFO:root:    c_pub_s                 0	0	0.037037037037037035
INFO:root:    c_priv                  0	0	0.037037037037037035
INFO:root:    c_priv_s                0	0	0.037037037037037035
INFO:root:    f_pub                   1	1	0.037037037037037035
INFO:root:    f_pub_s                 0	0	0.037037037037037035
INFO:root:    f_priv                  0	0	0.037037037037037035
INFO:root:    f_priv_s                0	0	0.037037037037037035
INFO:root:    lines_count             17	17	0.1111111111111111
INFO:root:    xref_count              2	2	0.1111111111111111
INFO:root:    imports_clean           1	1	0.07407407407407407
INFO:root:    imports_mangled         0	0	0.07407407407407407
INFO:root:    demangled_identifiers   []	['Byte']	0.059259259259259255
INFO:root:    func_arguments          ['Byte']	[]	0.08888888888888888
INFO:root:Found new class WaitingCracker
INFO:root:LunasoleGullible is similar to WingCoal with k=0.962962962962963
INFO:root:    v_pub                   0	0	0.037037037037037035
INFO:root:    v_pub_s                 0	0	0.037037037037037035
INFO:root:    v_priv                  0	0	0.037037037037037035
INFO:root:    v_priv_s                0	0	0.037037037037037035
INFO:root:    c_pub                   0	0	0.037037037037037035
INFO:root:    c_pub_s                 0	0	0.037037037037037035
INFO:root:    c_priv                  0	0	0.037037037037037035
INFO:root:    c_priv_s                0	0	0.037037037037037035
INFO:root:    f_pub                   1	1	0.037037037037037035
INFO:root:    f_pub_s                 0	0	0.037037037037037035
INFO:root:    f_priv                  0	0	0.037037037037037035
INFO:root:    f_priv_s                0	0	0.037037037037037035
INFO:root:    lines_count             13	13	0.1111111111111111
INFO:root:    xref_count              1	1	0.1111111111111111
INFO:root:    imports_clean           0	0	0.07407407407407407
INFO:root:    imports_mangled         0	0	0.07407407407407407
INFO:root:    demangled_identifiers   []	['int']	0.059259259259259255
INFO:root:    func_arguments          ['int']	[]	0.08888888888888888
INFO:root:LoafCry is similar to BirdTiresome with k=0.9259259259259259
INFO:root:    v_pub                   0	0	0.037037037037037035
INFO:root:    v_pub_s                 0	0	0.037037037037037035
INFO:root:    v_priv                  0	0	0.037037037037037035
INFO:root:    v_priv_s                0	0	0.037037037037037035
INFO:root:    c_pub                   0	0	0.037037037037037035
INFO:root:    c_pub_s                 6	6	0.037037037037037035
INFO:root:    c_priv                  0	0	0.037037037037037035
INFO:root:    c_priv_s                0	0	0.037037037037037035
INFO:root:    f_pub                   1	1	0.037037037037037035
INFO:root:    f_pub_s                 1	1	0.037037037037037035
INFO:root:    f_priv                  0	0	0.037037037037037035
INFO:root:    f_priv_s                0	0	0.037037037037037035
INFO:root:    lines_count             64	64	0.1111111111111111
INFO:root:    xref_count              176	176	0.1111111111111111
INFO:root:    imports_clean           0	0	0.07407407407407407
INFO:root:    imports_mangled         0	0	0.07407407407407407
INFO:root:    demangled_identifiers   []	['-', 'Objeint']	0.04444444444444444
INFO:root:    func_arguments          ['-', 'Objeint']	[]	0.06666666666666665
INFO:root:InstructObeisant is similar to BagLight with k=1.0
INFO:root:    v_pub                   4	4	0.037037037037037035
INFO:root:    v_pub_s                 0	0	0.037037037037037035
INFO:root:    v_priv                  0	0	0.037037037037037035
INFO:root:    v_priv_s                0	0	0.037037037037037035
INFO:root:    c_pub                   0	0	0.037037037037037035
INFO:root:    c_pub_s                 0	0	0.037037037037037035
INFO:root:    c_priv                  0	0	0.037037037037037035
INFO:root:    c_priv_s                0	0	0.037037037037037035
INFO:root:    f_pub                   8	8	0.037037037037037035
INFO:root:    f_pub_s                 0	0	0.037037037037037035
INFO:root:    f_priv                  0	0	0.037037037037037035
INFO:root:    f_priv_s                0	0	0.037037037037037035
INFO:root:    lines_count             68	68	0.1111111111111111
INFO:root:    xref_count              5	5	0.1111111111111111
INFO:root:    imports_clean           1	1	0.07407407407407407
INFO:root:    imports_mangled         0	0	0.07407407407407407
INFO:root:    demangled_identifiers   ['get', 'get', 'get', 'getIdSequence', 'idSequence', 'lecture']	['get', 'get', 'get', 'getIdSequence', 'idSequence', 'lecture']	0.07407407407407407
INFO:root:    func_arguments          ['!', '-', '-', '-', '-', '-', '-', 'Byte']	['!', '-', '-', '-', '-', '-', '-', 'Byte']	0.1111111111111111
INFO:root:Found new class StaleTrail
INFO:root:NoxiousThick is similar to SighCrowded with k=1.0
INFO:root:    v_pub                   2	2	0.037037037037037035
INFO:root:    v_pub_s                 0	0	0.037037037037037035
INFO:root:    v_priv                  0	0	0.037037037037037035
INFO:root:    v_priv_s                0	0	0.037037037037037035
INFO:root:    c_pub                   0	0	0.037037037037037035
INFO:root:    c_pub_s                 0	0	0.037037037037037035
INFO:root:    c_priv                  0	0	0.037037037037037035
INFO:root:    c_priv_s                0	0	0.037037037037037035
INFO:root:    f_pub                   4	4	0.037037037037037035
INFO:root:    f_pub_s                 1	1	0.037037037037037035
INFO:root:    f_priv                  0	0	0.037037037037037035
INFO:root:    f_priv_s                0	0	0.037037037037037035
INFO:root:    lines_count             45	45	0.1111111111111111
INFO:root:    xref_count              1	1	0.1111111111111111
INFO:root:    imports_clean           1	1	0.07407407407407407
INFO:root:    imports_mangled         0	0	0.07407407407407407
INFO:root:    demangled_identifiers   ['ecriture', 'lecture']	['ecriture', 'lecture']	0.07407407407407407
INFO:root:    func_arguments          ['-', 'Byte', 'Byte', 'Byte', 'Stri=nint=0']	['-', 'Byte', 'Byte', 'Byte', 'Stri=nint=0']	0.1111111111111111
INFO:root:LaborerMouse is similar to KurumaLook with k=0.962962962962963
INFO:root:    v_pub                   0	0	0.037037037037037035
INFO:root:    v_pub_s                 0	0	0.037037037037037035
INFO:root:    v_priv                  0	0	0.037037037037037035
INFO:root:    v_priv_s                0	0	0.037037037037037035
INFO:root:    c_pub                   0	0	0.037037037037037035
INFO:root:    c_pub_s                 0	0	0.037037037037037035
INFO:root:    c_priv                  0	0	0.037037037037037035
INFO:root:    c_priv_s                0	0	0.037037037037037035
INFO:root:    f_pub                   1	1	0.037037037037037035
INFO:root:    f_pub_s                 0	0	0.037037037037037035
INFO:root:    f_priv                  0	0	0.037037037037037035
INFO:root:    f_priv_s                0	0	0.037037037037037035
INFO:root:    lines_count             18	18	0.1111111111111111
INFO:root:    xref_count              2	2	0.1111111111111111
INFO:root:    imports_clean           0	0	0.07407407407407407
INFO:root:    imports_mangled         0	0	0.07407407407407407
INFO:root:    demangled_identifiers   []	['intint=-Stri=n']	0.059259259259259255
INFO:root:    func_arguments          ['intint=-Stri=n']	[]	0.08888888888888888
INFO:root:AbaftBerry is similar to TaxPear with k=0.962962962962963
INFO:root:    v_pub                   0	0	0.037037037037037035
INFO:root:    v_pub_s                 0	0	0.037037037037037035
INFO:root:    v_priv                  0	0	0.037037037037037035
INFO:root:    v_priv_s                0	0	0.037037037037037035
INFO:root:    c_pub                   0	0	0.037037037037037035
INFO:root:    c_pub_s                 0	0	0.037037037037037035
INFO:root:    c_priv                  0	0	0.037037037037037035
INFO:root:    c_priv_s                0	0	0.037037037037037035
INFO:root:    f_pub                   1	1	0.037037037037037035
INFO:root:    f_pub_s                 0	0	0.037037037037037035
INFO:root:    f_priv                  0	0	0.037037037037037035
INFO:root:    f_priv_s                0	0	0.037037037037037035
INFO:root:    lines_count             13	13	0.1111111111111111
INFO:root:    xref_count              1	1	0.1111111111111111
INFO:root:    imports_clean           0	0	0.07407407407407407
INFO:root:    imports_mangled         0	0	0.07407407407407407
INFO:root:    demangled_identifiers   []	['Stri']	0.059259259259259255
INFO:root:    func_arguments          ['Stri']	[]	0.08888888888888888
INFO:root:ChopWatery is similar to LoafProse with k=0.962962962962963
INFO:root:    v_pub                   1	1	0.037037037037037035
INFO:root:    v_pub_s                 0	0	0.037037037037037035
INFO:root:    v_priv                  0	0	0.037037037037037035
INFO:root:    v_priv_s                0	0	0.037037037037037035
INFO:root:    c_pub                   0	0	0.037037037037037035
INFO:root:    c_pub_s                 0	0	0.037037037037037035
INFO:root:    c_priv                  0	0	0.037037037037037035
INFO:root:    c_priv_s                0	0	0.037037037037037035
INFO:root:    f_pub                   1	1	0.037037037037037035
INFO:root:    f_pub_s                 0	0	0.037037037037037035
INFO:root:    f_priv                  0	0	0.037037037037037035
INFO:root:    f_priv_s                0	0	0.037037037037037035
INFO:root:    lines_count             30	30	0.1111111111111111
INFO:root:    xref_count              1	1	0.1111111111111111
INFO:root:    imports_clean           1	1	0.07407407407407407
INFO:root:    imports_mangled         0	0	0.07407407407407407
INFO:root:    demangled_identifiers   []	['Byte']	0.059259259259259255
INFO:root:    func_arguments          ['Byte']	[]	0.08888888888888888
INFO:root:AlluringPlan is similar to TrembleGullible with k=0.962962962962963
INFO:root:    v_pub                   0	0	0.037037037037037035
INFO:root:    v_pub_s                 0	0	0.037037037037037035
INFO:root:    v_priv                  0	0	0.037037037037037035
INFO:root:    v_priv_s                0	0	0.037037037037037035
INFO:root:    c_pub                   0	0	0.037037037037037035
INFO:root:    c_pub_s                 0	0	0.037037037037037035
INFO:root:    c_priv                  0	0	0.037037037037037035
INFO:root:    c_priv_s                0	0	0.037037037037037035
INFO:root:    f_pub                   1	1	0.037037037037037035
INFO:root:    f_pub_s                 0	0	0.037037037037037035
INFO:root:    f_priv                  0	0	0.037037037037037035
INFO:root:    f_priv_s                0	0	0.037037037037037035
INFO:root:    lines_count             18	18	0.1111111111111111
INFO:root:    xref_count              1	1	0.1111111111111111
INFO:root:    imports_clean           0	0	0.07407407407407407
INFO:root:    imports_mangled         0	0	0.07407407407407407
INFO:root:    demangled_identifiers   []	['!Bool']	0.059259259259259255
INFO:root:    func_arguments          ['!Bool']	[]	0.08888888888888888
INFO:root:Found new class BatheTremble
INFO:root:Found new class ProbableBathe
INFO:root:Found new class LoafUnequaled
INFO:root:Found new class BorrowUncle
INFO:root:CompanyCry is similar to WingWicked with k=0.962962962962963
INFO:root:    v_pub                   0	0	0.037037037037037035
INFO:root:    v_pub_s                 3	3	0.037037037037037035
INFO:root:    v_priv                  0	0	0.037037037037037035
INFO:root:    v_priv_s                0	0	0.037037037037037035
INFO:root:    c_pub                   0	0	0.037037037037037035
INFO:root:    c_pub_s                 0	0	0.037037037037037035
INFO:root:    c_priv                  0	0	0.037037037037037035
INFO:root:    c_priv_s                0	0	0.037037037037037035
INFO:root:    f_pub                   1	1	0.037037037037037035
INFO:root:    f_pub_s                 0	0	0.037037037037037035
INFO:root:    f_priv                  0	0	0.037037037037037035
INFO:root:    f_priv_s                0	0	0.037037037037037035
INFO:root:    lines_count             18	18	0.1111111111111111
INFO:root:    xref_count              8	8	0.1111111111111111
INFO:root:    imports_clean           0	0	0.07407407407407407
INFO:root:    imports_mangled         0	0	0.07407407407407407
INFO:root:    demangled_identifiers   []	['-']	0.059259259259259255
INFO:root:    func_arguments          ['-']	[]	0.08888888888888888
INFO:root:Found new class WingTax
INFO:root:Found new class ReligionStupid
INFO:root:Something changed in class ActionBathe
INFO:root:PartyStick is similar to OrderFaint with k=1.0
INFO:root:    v_pub                   2	2	0.037037037037037035
INFO:root:    v_pub_s                 0	0	0.037037037037037035
INFO:root:    v_priv                  0	0	0.037037037037037035
INFO:root:    v_priv_s                0	0	0.037037037037037035
INFO:root:    c_pub                   0	0	0.037037037037037035
INFO:root:    c_pub_s                 0	0	0.037037037037037035
INFO:root:    c_priv                  0	0	0.037037037037037035
INFO:root:    c_priv_s                0	0	0.037037037037037035
INFO:root:    f_pub                   7	7	0.037037037037037035
INFO:root:    f_pub_s                 0	0	0.037037037037037035
INFO:root:    f_priv                  0	0	0.037037037037037035
INFO:root:    f_priv_s                0	0	0.037037037037037035
INFO:root:    lines_count             49	49	0.1111111111111111
INFO:root:    xref_count              4	4	0.1111111111111111
INFO:root:    imports_clean           1	1	0.07407407407407407
INFO:root:    imports_mangled         0	0	0.07407407407407407
INFO:root:    demangled_identifiers   ['get', 'get', 'get', 'lecture']	['get', 'get', 'get', 'lecture']	0.07407407407407407
INFO:root:    func_arguments          ['!', '-', '-', '-', '-', '-', 'Byte']	['!', '-', '-', '-', '-', '-', 'Byte']	0.1111111111111111
INFO:root:Found new class VioletNoxious
INFO:root:BagKuruma is similar to MachineLunasole with k=0.962962962962963
INFO:root:    v_pub                   0	0	0.037037037037037035
INFO:root:    v_pub_s                 0	0	0.037037037037037035
INFO:root:    v_priv                  0	0	0.037037037037037035
INFO:root:    v_priv_s                0	0	0.037037037037037035
INFO:root:    c_pub                   0	0	0.037037037037037035
INFO:root:    c_pub_s                 0	0	0.037037037037037035
INFO:root:    c_priv                  0	0	0.037037037037037035
INFO:root:    c_priv_s                0	0	0.037037037037037035
INFO:root:    f_pub                   1	1	0.037037037037037035
INFO:root:    f_pub_s                 0	0	0.037037037037037035
INFO:root:    f_priv                  0	0	0.037037037037037035
INFO:root:    f_priv_s                0	0	0.037037037037037035
INFO:root:    lines_count             13	13	0.1111111111111111
INFO:root:    xref_count              1	1	0.1111111111111111
INFO:root:    imports_clean           0	0	0.07407407407407407
INFO:root:    imports_mangled         0	0	0.07407407407407407
INFO:root:    demangled_identifiers   []	['int']	0.059259259259259255
INFO:root:    func_arguments          ['int']	[]	0.08888888888888888
INFO:root:Found new class ReligionPat
INFO:root:Found new class HistoricalDeadpan
INFO:root:Found new class LoafTiresome
INFO:root:Found new class FaithfulGround
INFO:root:PatAction is similar to UnclePipka with k=1.0
INFO:root:    v_pub                   0	0	0.037037037037037035
INFO:root:    v_pub_s                 2	2	0.037037037037037035
INFO:root:    v_priv                  0	0	0.037037037037037035
INFO:root:    v_priv_s                0	0	0.037037037037037035
INFO:root:    c_pub                   0	0	0.037037037037037035
INFO:root:    c_pub_s                 0	0	0.037037037037037035
INFO:root:    c_priv                  0	0	0.037037037037037035
INFO:root:    c_priv_s                0	0	0.037037037037037035
INFO:root:    f_pub                   1	1	0.037037037037037035
INFO:root:    f_pub_s                 7	7	0.037037037037037035
INFO:root:    f_priv                  0	0	0.037037037037037035
INFO:root:    f_priv_s                0	0	0.037037037037037035
INFO:root:    lines_count             105	105	0.1111111111111111
INFO:root:    xref_count              1	1	0.1111111111111111
INFO:root:    imports_clean           2	2	0.07407407407407407
INFO:root:    imports_mangled         0	0	0.07407407407407407
INFO:root:    demangled_identifiers   ['tribulle']	['tribulle']	0.07407407407407407
INFO:root:    func_arguments          ['-', '-', 'Arra', 'Stri', 'Stri', 'StriStri', 'StriStri', 'StriStriStri']	['-', '-', 'Arra', 'Stri', 'Stri', 'StriStri', 'StriStri', 'StriStriStri']	0.1111111111111111
INFO:root:SeriousOrange is similar to RareKnife with k=0.962962962962963
INFO:root:    v_pub                   0	0	0.037037037037037035
INFO:root:    v_pub_s                 0	0	0.037037037037037035
INFO:root:    v_priv                  0	0	0.037037037037037035
INFO:root:    v_priv_s                0	0	0.037037037037037035
INFO:root:    c_pub                   0	0	0.037037037037037035
INFO:root:    c_pub_s                 0	0	0.037037037037037035
INFO:root:    c_priv                  0	0	0.037037037037037035
INFO:root:    c_priv_s                0	0	0.037037037037037035
INFO:root:    f_pub                   1	1	0.037037037037037035
INFO:root:    f_pub_s                 0	0	0.037037037037037035
INFO:root:    f_priv                  0	0	0.037037037037037035
INFO:root:    f_priv_s                0	0	0.037037037037037035
INFO:root:    lines_count             15	15	0.1111111111111111
INFO:root:    xref_count              1	1	0.1111111111111111
INFO:root:    imports_clean           0	0	0.07407407407407407
INFO:root:    imports_mangled         0	0	0.07407407407407407
INFO:root:    demangled_identifiers   []	['intintint']	0.059259259259259255
INFO:root:    func_arguments          ['intintint']	[]	0.08888888888888888
INFO:root:KotskyBag is similar to StickGullible with k=1.0
INFO:root:    v_pub                   8	8	0.037037037037037035
INFO:root:    v_pub_s                 0	0	0.037037037037037035
INFO:root:    v_priv                  0	0	0.037037037037037035
INFO:root:    v_priv_s                0	0	0.037037037037037035
INFO:root:    c_pub                   0	0	0.037037037037037035
INFO:root:    c_pub_s                 0	0	0.037037037037037035
INFO:root:    c_priv                  0	0	0.037037037037037035
INFO:root:    c_priv_s                0	0	0.037037037037037035
INFO:root:    f_pub                   1	1	0.037037037037037035
INFO:root:    f_pub_s                 0	0	0.037037037037037035
INFO:root:    f_priv                  0	0	0.037037037037037035
INFO:root:    f_priv_s                0	0	0.037037037037037035
INFO:root:    lines_count             36	36	0.1111111111111111
INFO:root:    xref_count              7	7	0.1111111111111111
INFO:root:    imports_clean           0	0	0.07407407407407407
INFO:root:    imports_mangled         0	0	0.07407407407407407
INFO:root:    demangled_identifiers   ['normal']	['normal']	0.07407407407407407
INFO:root:    func_arguments          ['-']	['-']	0.1111111111111111
INFO:root:Found new class HatefulCoal
INFO:root:PinusOranges is similar to JoyousLabel with k=0.962962962962963
INFO:root:    v_pub                   0	0	0.037037037037037035
INFO:root:    v_pub_s                 0	0	0.037037037037037035
INFO:root:    v_priv                  0	0	0.037037037037037035
INFO:root:    v_priv_s                0	0	0.037037037037037035
INFO:root:    c_pub                   0	0	0.037037037037037035
INFO:root:    c_pub_s                 0	0	0.037037037037037035
INFO:root:    c_priv                  0	0	0.037037037037037035
INFO:root:    c_priv_s                0	0	0.037037037037037035
INFO:root:    f_pub                   1	1	0.037037037037037035
INFO:root:    f_pub_s                 0	0	0.037037037037037035
INFO:root:    f_priv                  0	0	0.037037037037037035
INFO:root:    f_priv_s                0	0	0.037037037037037035
INFO:root:    lines_count             12	12	0.1111111111111111
INFO:root:    xref_count              2	2	0.1111111111111111
INFO:root:    imports_clean           0	0	0.07407407407407407
INFO:root:    imports_mangled         0	0	0.07407407407407407
INFO:root:    demangled_identifiers   []	['-']	0.059259259259259255
INFO:root:    func_arguments          ['-']	[]	0.08888888888888888
INFO:root:Found new class SwankyInvite
INFO:root:Found new class CreatorAlanson
INFO:root:Something changed in class DistroTax
INFO:root:Found new class ObeisantGround
INFO:root:SqueamishCrowded is similar to FeebleBurn with k=0.962962962962963
INFO:root:    v_pub                   0	0	0.037037037037037035
INFO:root:    v_pub_s                 0	0	0.037037037037037035
INFO:root:    v_priv                  0	0	0.037037037037037035
INFO:root:    v_priv_s                0	0	0.037037037037037035
INFO:root:    c_pub                   0	0	0.037037037037037035
INFO:root:    c_pub_s                 0	0	0.037037037037037035
INFO:root:    c_priv                  0	0	0.037037037037037035
INFO:root:    c_priv_s                0	0	0.037037037037037035
INFO:root:    f_pub                   1	1	0.037037037037037035
INFO:root:    f_pub_s                 0	0	0.037037037037037035
INFO:root:    f_priv                  0	0	0.037037037037037035
INFO:root:    f_priv_s                0	0	0.037037037037037035
INFO:root:    lines_count             13	13	0.1111111111111111
INFO:root:    xref_count              2	2	0.1111111111111111
INFO:root:    imports_clean           0	0	0.07407407407407407
INFO:root:    imports_mangled         0	0	0.07407407407407407
INFO:root:    demangled_identifiers   []	['int']	0.059259259259259255
INFO:root:    func_arguments          ['int']	[]	0.08888888888888888
INFO:root:StomachYell is similar to AgreeCrib with k=1.0
INFO:root:    v_pub                   4	4	0.037037037037037035
INFO:root:    v_pub_s                 0	0	0.037037037037037035
INFO:root:    v_priv                  0	0	0.037037037037037035
INFO:root:    v_priv_s                0	0	0.037037037037037035
INFO:root:    c_pub                   0	0	0.037037037037037035
INFO:root:    c_pub_s                 0	0	0.037037037037037035
INFO:root:    c_priv                  0	0	0.037037037037037035
INFO:root:    c_priv_s                0	0	0.037037037037037035
INFO:root:    f_pub                   7	7	0.037037037037037035
INFO:root:    f_pub_s                 0	0	0.037037037037037035
INFO:root:    f_priv                  0	0	0.037037037037037035
INFO:root:    f_priv_s                0	0	0.037037037037037035
INFO:root:    lines_count             57	57	0.1111111111111111
INFO:root:    xref_count              5	5	0.1111111111111111
INFO:root:    imports_clean           1	1	0.07407407407407407
INFO:root:    imports_mangled         0	0	0.07407407407407407
INFO:root:    demangled_identifiers   ['ecriture', 'get', 'get', 'getIdSequence', 'idSequence']	['ecriture', 'get', 'get', 'getIdSequence', 'idSequence']	0.07407407407407407
INFO:root:    func_arguments          ['-', '-', '-', '-', '-', 'Byte', 'intStriBool']	['-', '-', '-', '-', '-', 'Byte', 'intStriBool']	0.1111111111111111
INFO:root:Found new class MarkChop
INFO:root:EntertainingJuice is similar to CardLamentable with k=1.0
INFO:root:    v_pub                   3	3	0.037037037037037035
INFO:root:    v_pub_s                 0	0	0.037037037037037035
INFO:root:    v_priv                  0	0	0.037037037037037035
INFO:root:    v_priv_s                0	0	0.037037037037037035
INFO:root:    c_pub                   0	0	0.037037037037037035
INFO:root:    c_pub_s                 0	0	0.037037037037037035
INFO:root:    c_priv                  0	0	0.037037037037037035
INFO:root:    c_priv_s                0	0	0.037037037037037035
INFO:root:    f_pub                   7	7	0.037037037037037035
INFO:root:    f_pub_s                 0	0	0.037037037037037035
INFO:root:    f_priv                  0	0	0.037037037037037035
INFO:root:    f_priv_s                0	0	0.037037037037037035
INFO:root:    lines_count             53	53	0.1111111111111111
INFO:root:    xref_count              5	5	0.1111111111111111
INFO:root:    imports_clean           1	1	0.07407407407407407
INFO:root:    imports_mangled         0	0	0.07407407407407407
INFO:root:    demangled_identifiers   ['ecriture', 'get', 'get', 'getIdSequence', 'idSequence']	['ecriture', 'get', 'get', 'getIdSequence', 'idSequence']	0.07407407407407407
INFO:root:    func_arguments          ['-', '-', '-', '-', '-', 'Byte', 'intStri']	['-', '-', '-', '-', '-', 'Byte', 'intStri']	0.1111111111111111
INFO:root:Found new class CurvedPanoramic
INFO:root:SandJoyous is similar to AlluringKuruma with k=1.0
INFO:root:    v_pub                   5	5	0.037037037037037035
INFO:root:    v_pub_s                 0	0	0.037037037037037035
INFO:root:    v_priv                  0	0	0.037037037037037035
INFO:root:    v_priv_s                0	0	0.037037037037037035
INFO:root:    c_pub                   0	0	0.037037037037037035
INFO:root:    c_pub_s                 0	0	0.037037037037037035
INFO:root:    c_priv                  0	0	0.037037037037037035
INFO:root:    c_priv_s                0	0	0.037037037037037035
INFO:root:    f_pub                   2	2	0.037037037037037035
INFO:root:    f_pub_s                 0	0	0.037037037037037035
INFO:root:    f_priv                  0	0	0.037037037037037035
INFO:root:    f_priv_s                0	0	0.037037037037037035
INFO:root:    lines_count             41	41	0.1111111111111111
INFO:root:    xref_count              10	10	0.1111111111111111
INFO:root:    imports_clean           0	0	0.07407407407407407
INFO:root:    imports_mangled         0	0	0.07407407407407407
INFO:root:    demangled_identifiers   ['length']	['length']	0.07407407407407407
INFO:root:    func_arguments          ['!!!!', '-']	['!!!!', '-']	0.1111111111111111
INFO:root:Found new class LunasoleCute
INFO:root:Found new class HystericalCute
INFO:root:Found new class PanoramicRobin
INFO:root:AdviseAnnoying is similar to FaithfulScintillating with k=1.0
INFO:root:    v_pub                   2	2	0.037037037037037035
INFO:root:    v_pub_s                 0	0	0.037037037037037035
INFO:root:    v_priv                  0	0	0.037037037037037035
INFO:root:    v_priv_s                0	0	0.037037037037037035
INFO:root:    c_pub                   0	0	0.037037037037037035
INFO:root:    c_pub_s                 0	0	0.037037037037037035
INFO:root:    c_priv                  0	0	0.037037037037037035
INFO:root:    c_priv_s                0	0	0.037037037037037035
INFO:root:    f_pub                   7	7	0.037037037037037035
INFO:root:    f_pub_s                 0	0	0.037037037037037035
INFO:root:    f_priv                  0	0	0.037037037037037035
INFO:root:    f_priv_s                0	0	0.037037037037037035
INFO:root:    lines_count             50	50	0.1111111111111111
INFO:root:    xref_count              4	4	0.1111111111111111
INFO:root:    imports_clean           1	1	0.07407407407407407
INFO:root:    imports_mangled         0	0	0.07407407407407407
INFO:root:    demangled_identifiers   ['get', 'get', 'get', 'lecture']	['get', 'get', 'get', 'lecture']	0.07407407407407407
INFO:root:    func_arguments          ['!', '-', '-', '-', '-', '-', 'Byte']	['!', '-', '-', '-', '-', '-', 'Byte']	0.1111111111111111
INFO:root:Found new class InjureStomach
INFO:root:Found new class SistersProbable
INFO:root:SqueamishFaint is similar to GullibleNoiseless with k=1.0
INFO:root:    v_pub                   2	2	0.037037037037037035
INFO:root:    v_pub_s                 0	0	0.037037037037037035
INFO:root:    v_priv                  0	0	0.037037037037037035
INFO:root:    v_priv_s                0	0	0.037037037037037035
INFO:root:    c_pub                   0	0	0.037037037037037035
INFO:root:    c_pub_s                 0	0	0.037037037037037035
INFO:root:    c_priv                  0	0	0.037037037037037035
INFO:root:    c_priv_s                0	0	0.037037037037037035
INFO:root:    f_pub                   7	7	0.037037037037037035
INFO:root:    f_pub_s                 0	0	0.037037037037037035
INFO:root:    f_priv                  0	0	0.037037037037037035
INFO:root:    f_priv_s                0	0	0.037037037037037035
INFO:root:    lines_count             49	49	0.1111111111111111
INFO:root:    xref_count              4	4	0.1111111111111111
INFO:root:    imports_clean           1	1	0.07407407407407407
INFO:root:    imports_mangled         0	0	0.07407407407407407
INFO:root:    demangled_identifiers   ['get', 'get', 'get', 'lecture']	['get', 'get', 'get', 'lecture']	0.07407407407407407
INFO:root:    func_arguments          ['!', '-', '-', '-', '-', '-', 'Byte']	['!', '-', '-', '-', '-', '-', 'Byte']	0.1111111111111111
INFO:root:Found new class BirdCrowded
INFO:root:NotebookBury is similar to ArmyFragile with k=0.962962962962963
INFO:root:    v_pub                   0	0	0.037037037037037035
INFO:root:    v_pub_s                 0	0	0.037037037037037035
INFO:root:    v_priv                  0	0	0.037037037037037035
INFO:root:    v_priv_s                0	0	0.037037037037037035
INFO:root:    c_pub                   0	0	0.037037037037037035
INFO:root:    c_pub_s                 0	0	0.037037037037037035
INFO:root:    c_priv                  0	0	0.037037037037037035
INFO:root:    c_priv_s                0	0	0.037037037037037035
INFO:root:    f_pub                   1	1	0.037037037037037035
INFO:root:    f_pub_s                 0	0	0.037037037037037035
INFO:root:    f_priv                  0	0	0.037037037037037035
INFO:root:    f_priv_s                0	0	0.037037037037037035
INFO:root:    lines_count             14	14	0.1111111111111111
INFO:root:    xref_count              1	1	0.1111111111111111
INFO:root:    imports_clean           0	0	0.07407407407407407
INFO:root:    imports_mangled         0	0	0.07407407407407407
INFO:root:    demangled_identifiers   []	['StriStri']	0.059259259259259255
INFO:root:    func_arguments          ['StriStri']	[]	0.08888888888888888
INFO:root:RequestSuper is similar to PipkaMachine with k=0.962962962962963
INFO:root:    v_pub                   1	1	0.037037037037037035
INFO:root:    v_pub_s                 0	0	0.037037037037037035
INFO:root:    v_priv                  0	0	0.037037037037037035
INFO:root:    v_priv_s                0	0	0.037037037037037035
INFO:root:    c_pub                   0	0	0.037037037037037035
INFO:root:    c_pub_s                 0	0	0.037037037037037035
INFO:root:    c_priv                  0	0	0.037037037037037035
INFO:root:    c_priv_s                0	0	0.037037037037037035
INFO:root:    f_pub                   1	1	0.037037037037037035
INFO:root:    f_pub_s                 0	0	0.037037037037037035
INFO:root:    f_priv                  0	0	0.037037037037037035
INFO:root:    f_priv_s                0	0	0.037037037037037035
INFO:root:    lines_count             17	17	0.1111111111111111
INFO:root:    xref_count              2	2	0.1111111111111111
INFO:root:    imports_clean           1	1	0.07407407407407407
INFO:root:    imports_mangled         0	0	0.07407407407407407
INFO:root:    demangled_identifiers   []	['Byte']	0.059259259259259255
INFO:root:    func_arguments          ['Byte']	[]	0.08888888888888888
INFO:root:JuiceHydrant is similar to WanderingChicken with k=0.962962962962963
INFO:root:    v_pub                   0	0	0.037037037037037035
INFO:root:    v_pub_s                 0	0	0.037037037037037035
INFO:root:    v_priv                  0	0	0.037037037037037035
INFO:root:    v_priv_s                0	0	0.037037037037037035
INFO:root:    c_pub                   0	0	0.037037037037037035
INFO:root:    c_pub_s                 0	0	0.037037037037037035
INFO:root:    c_priv                  0	0	0.037037037037037035
INFO:root:    c_priv_s                0	0	0.037037037037037035
INFO:root:    f_pub                   1	1	0.037037037037037035
INFO:root:    f_pub_s                 0	0	0.037037037037037035
INFO:root:    f_priv                  0	0	0.037037037037037035
INFO:root:    f_priv_s                0	0	0.037037037037037035
INFO:root:    lines_count             14	14	0.1111111111111111
INFO:root:    xref_count              1	1	0.1111111111111111
INFO:root:    imports_clean           0	0	0.07407407407407407
INFO:root:    imports_mangled         0	0	0.07407407407407407
INFO:root:    demangled_identifiers   []	['intint']	0.059259259259259255
INFO:root:    func_arguments          ['intint']	[]	0.08888888888888888
INFO:root:FaithfulDeadpan is similar to CreatorProse with k=0.9259259259259259
INFO:root:    v_pub                   0	0	0.037037037037037035
INFO:root:    v_pub_s                 0	0	0.037037037037037035
INFO:root:    v_priv                  0	0	0.037037037037037035
INFO:root:    v_priv_s                0	0	0.037037037037037035
INFO:root:    c_pub                   0	0	0.037037037037037035
INFO:root:    c_pub_s                 93	93	0.037037037037037035
INFO:root:    c_priv                  0	0	0.037037037037037035
INFO:root:    c_priv_s                0	0	0.037037037037037035
INFO:root:    f_pub                   1	1	0.037037037037037035
INFO:root:    f_pub_s                 1	1	0.037037037037037035
INFO:root:    f_priv                  0	0	0.037037037037037035
INFO:root:    f_priv_s                0	0	0.037037037037037035
INFO:root:    lines_count             300	300	0.1111111111111111
INFO:root:    xref_count              163	163	0.1111111111111111
INFO:root:    imports_clean           1	1	0.07407407407407407
INFO:root:    imports_mangled         0	0	0.07407407407407407
INFO:root:    demangled_identifiers   []	['-', 'int']	0.04444444444444444
INFO:root:    func_arguments          ['-', 'int']	[]	0.06666666666666665
INFO:root:KurumaRobin is similar to DistroProse with k=1.0
INFO:root:    v_pub                   5	5	0.037037037037037035
INFO:root:    v_pub_s                 0	0	0.037037037037037035
INFO:root:    v_priv                  0	0	0.037037037037037035
INFO:root:    v_priv_s                0	0	0.037037037037037035
INFO:root:    c_pub                   0	0	0.037037037037037035
INFO:root:    c_pub_s                 0	0	0.037037037037037035
INFO:root:    c_priv                  0	0	0.037037037037037035
INFO:root:    c_priv_s                0	0	0.037037037037037035
INFO:root:    f_pub                   1	1	0.037037037037037035
INFO:root:    f_pub_s                 0	0	0.037037037037037035
INFO:root:    f_priv                  0	0	0.037037037037037035
INFO:root:    f_priv_s                0	0	0.037037037037037035
INFO:root:    lines_count             28	28	0.1111111111111111
INFO:root:    xref_count              2	2	0.1111111111111111
INFO:root:    imports_clean           0	0	0.07407407407407407
INFO:root:    imports_mangled         0	0	0.07407407407407407
INFO:root:    demangled_identifiers   ['target']	['target']	0.07407407407407407
INFO:root:    func_arguments          ['-']	['-']	0.1111111111111111
INFO:root:Found new class CommonDeadpan
INFO:root:Found new class AnnoyingStupid
INFO:root:Found new class ThickAnnoying
INFO:root:CompetitionDildo is similar to LargeAgree with k=1.0
INFO:root:    v_pub                   4	4	0.037037037037037035
INFO:root:    v_pub_s                 0	0	0.037037037037037035
INFO:root:    v_priv                  0	0	0.037037037037037035
INFO:root:    v_priv_s                0	0	0.037037037037037035
INFO:root:    c_pub                   0	0	0.037037037037037035
INFO:root:    c_pub_s                 0	0	0.037037037037037035
INFO:root:    c_priv                  0	0	0.037037037037037035
INFO:root:    c_priv_s                0	0	0.037037037037037035
INFO:root:    f_pub                   8	8	0.037037037037037035
INFO:root:    f_pub_s                 0	0	0.037037037037037035
INFO:root:    f_priv                  0	0	0.037037037037037035
INFO:root:    f_priv_s                0	0	0.037037037037037035
INFO:root:    lines_count             68	68	0.1111111111111111
INFO:root:    xref_count              5	5	0.1111111111111111
INFO:root:    imports_clean           1	1	0.07407407407407407
INFO:root:    imports_mangled         0	0	0.07407407407407407
INFO:root:    demangled_identifiers   ['get', 'get', 'get', 'getIdSequence', 'idSequence', 'lecture']	['get', 'get', 'get', 'getIdSequence', 'idSequence', 'lecture']	0.07407407407407407
INFO:root:    func_arguments          ['!', '-', '-', '-', '-', '-', '-', 'Byte']	['!', '-', '-', '-', '-', '-', '-', 'Byte']	0.1111111111111111
INFO:root:QuirkyCry is similar to LookObeisant with k=0.962962962962963
INFO:root:    v_pub                   0	0	0.037037037037037035
INFO:root:    v_pub_s                 0	0	0.037037037037037035
INFO:root:    v_priv                  0	0	0.037037037037037035
INFO:root:    v_priv_s                0	0	0.037037037037037035
INFO:root:    c_pub                   0	0	0.037037037037037035
INFO:root:    c_pub_s                 0	0	0.037037037037037035
INFO:root:    c_priv                  0	0	0.037037037037037035
INFO:root:    c_priv_s                0	0	0.037037037037037035
INFO:root:    f_pub                   1	1	0.037037037037037035
INFO:root:    f_pub_s                 0	0	0.037037037037037035
INFO:root:    f_priv                  0	0	0.037037037037037035
INFO:root:    f_priv_s                0	0	0.037037037037037035
INFO:root:    lines_count             13	13	0.1111111111111111
INFO:root:    xref_count              1	1	0.1111111111111111
INFO:root:    imports_clean           0	0	0.07407407407407407
INFO:root:    imports_mangled         0	0	0.07407407407407407
INFO:root:    demangled_identifiers   []	['int']	0.059259259259259255
INFO:root:    func_arguments          ['int']	[]	0.08888888888888888
INFO:root:GullibleDetermined is similar to TiresomeDecay with k=0.9259259259259259
INFO:root:    v_pub                   0	0	0.037037037037037035
INFO:root:    v_pub_s                 0	0	0.037037037037037035
INFO:root:    v_priv                  0	0	0.037037037037037035
INFO:root:    v_priv_s                0	0	0.037037037037037035
INFO:root:    c_pub                   0	0	0.037037037037037035
INFO:root:    c_pub_s                 0	0	0.037037037037037035
INFO:root:    c_priv                  0	0	0.037037037037037035
INFO:root:    c_priv_s                0	0	0.037037037037037035
INFO:root:    f_pub                   1	1	0.037037037037037035
INFO:root:    f_pub_s                 1	1	0.037037037037037035
INFO:root:    f_priv                  0	0	0.037037037037037035
INFO:root:    f_priv_s                0	0	0.037037037037037035
INFO:root:    lines_count             27	27	0.1111111111111111
INFO:root:    xref_count              2	2	0.1111111111111111
INFO:root:    imports_clean           0	0	0.07407407407407407
INFO:root:    imports_mangled         0	0	0.07407407407407407
INFO:root:    demangled_identifiers   []	['-', 'intintintBool=t']	0.04444444444444444
INFO:root:    func_arguments          ['-', 'intintintBool=t']	[]	0.06666666666666665
INFO:root:Something changed in class SignMilky
INFO:root:CurvedFeeble is similar to DeliverSeed with k=0.9259259259259259
INFO:root:    v_pub                   0	0	0.037037037037037035
INFO:root:    v_pub_s                 0	0	0.037037037037037035
INFO:root:    v_priv                  0	0	0.037037037037037035
INFO:root:    v_priv_s                0	0	0.037037037037037035
INFO:root:    c_pub                   0	0	0.037037037037037035
INFO:root:    c_pub_s                 0	0	0.037037037037037035
INFO:root:    c_priv                  0	0	0.037037037037037035
INFO:root:    c_priv_s                0	0	0.037037037037037035
INFO:root:    f_pub                   2	2	0.037037037037037035
INFO:root:    f_pub_s                 0	0	0.037037037037037035
INFO:root:    f_priv                  0	0	0.037037037037037035
INFO:root:    f_priv_s                0	0	0.037037037037037035
INFO:root:    lines_count             16	16	0.1111111111111111
INFO:root:    xref_count              2	2	0.1111111111111111
INFO:root:    imports_clean           0	0	0.07407407407407407
INFO:root:    imports_mangled         0	0	0.07407407407407407
INFO:root:    demangled_identifiers   []	['!', '-']	0.04444444444444444
INFO:root:    func_arguments          ['!', '-']	[]	0.06666666666666665
INFO:root:PeckLight is similar to AmuseBalvanka with k=0.962962962962963
INFO:root:    v_pub                   0	0	0.037037037037037035
INFO:root:    v_pub_s                 0	0	0.037037037037037035
INFO:root:    v_priv                  0	0	0.037037037037037035
INFO:root:    v_priv_s                0	0	0.037037037037037035
INFO:root:    c_pub                   0	0	0.037037037037037035
INFO:root:    c_pub_s                 0	0	0.037037037037037035
INFO:root:    c_priv                  0	0	0.037037037037037035
INFO:root:    c_priv_s                0	0	0.037037037037037035
INFO:root:    f_pub                   1	1	0.037037037037037035
INFO:root:    f_pub_s                 0	0	0.037037037037037035
INFO:root:    f_priv                  0	0	0.037037037037037035
INFO:root:    f_priv_s                0	0	0.037037037037037035
INFO:root:    lines_count             13	13	0.1111111111111111
INFO:root:    xref_count              1	1	0.1111111111111111
INFO:root:    imports_clean           0	0	0.07407407407407407
INFO:root:    imports_mangled         0	0	0.07407407407407407
INFO:root:    demangled_identifiers   []	['int']	0.059259259259259255
INFO:root:    func_arguments          ['int']	[]	0.08888888888888888
INFO:root:CribTrail is similar to AlansonCute with k=1.0
INFO:root:    v_pub                   3	3	0.037037037037037035
INFO:root:    v_pub_s                 0	0	0.037037037037037035
INFO:root:    v_priv                  0	0	0.037037037037037035
INFO:root:    v_priv_s                0	0	0.037037037037037035
INFO:root:    c_pub                   0	0	0.037037037037037035
INFO:root:    c_pub_s                 0	0	0.037037037037037035
INFO:root:    c_priv                  0	0	0.037037037037037035
INFO:root:    c_priv_s                0	0	0.037037037037037035
INFO:root:    f_pub                   7	7	0.037037037037037035
INFO:root:    f_pub_s                 0	0	0.037037037037037035
INFO:root:    f_priv                  0	0	0.037037037037037035
INFO:root:    f_priv_s                0	0	0.037037037037037035
INFO:root:    lines_count             53	53	0.1111111111111111
INFO:root:    xref_count              5	5	0.1111111111111111
INFO:root:    imports_clean           1	1	0.07407407407407407
INFO:root:    imports_mangled         0	0	0.07407407407407407
INFO:root:    demangled_identifiers   ['ecriture', 'get', 'get', 'getIdSequence', 'idSequence']	['ecriture', 'get', 'get', 'getIdSequence', 'idSequence']	0.07407407407407407
INFO:root:    func_arguments          ['-', '-', '-', '-', '-', 'Byte', 'intStri']	['-', '-', '-', '-', '-', 'Byte', 'intStri']	0.1111111111111111
INFO:root:FlowerChop is similar to BabiesWhisper with k=1.0
INFO:root:    v_pub                   3	3	0.037037037037037035
INFO:root:    v_pub_s                 0	0	0.037037037037037035
INFO:root:    v_priv                  0	0	0.037037037037037035
INFO:root:    v_priv_s                0	0	0.037037037037037035
INFO:root:    c_pub                   0	0	0.037037037037037035
INFO:root:    c_pub_s                 0	0	0.037037037037037035
INFO:root:    c_priv                  0	0	0.037037037037037035
INFO:root:    c_priv_s                0	0	0.037037037037037035
INFO:root:    f_pub                   7	7	0.037037037037037035
INFO:root:    f_pub_s                 0	0	0.037037037037037035
INFO:root:    f_priv                  0	0	0.037037037037037035
INFO:root:    f_priv_s                0	0	0.037037037037037035
INFO:root:    lines_count             53	53	0.1111111111111111
INFO:root:    xref_count              5	5	0.1111111111111111
INFO:root:    imports_clean           1	1	0.07407407407407407
INFO:root:    imports_mangled         0	0	0.07407407407407407
INFO:root:    demangled_identifiers   ['ecriture', 'get', 'get', 'getIdSequence', 'idSequence']	['ecriture', 'get', 'get', 'getIdSequence', 'idSequence']	0.07407407407407407
INFO:root:    func_arguments          ['-', '-', '-', '-', '-', 'Byte', 'intStri']	['-', '-', '-', '-', '-', 'Byte', 'intStri']	0.1111111111111111
INFO:root:Found new class JuiceStay
INFO:root:SlipList is similar to MachineLabel with k=0.962962962962963
INFO:root:    v_pub                   0	0	0.037037037037037035
INFO:root:    v_pub_s                 3	3	0.037037037037037035
INFO:root:    v_priv                  0	0	0.037037037037037035
INFO:root:    v_priv_s                0	0	0.037037037037037035
INFO:root:    c_pub                   0	0	0.037037037037037035
INFO:root:    c_pub_s                 0	0	0.037037037037037035
INFO:root:    c_priv                  0	0	0.037037037037037035
INFO:root:    c_priv_s                0	0	0.037037037037037035
INFO:root:    f_pub                   1	1	0.037037037037037035
INFO:root:    f_pub_s                 0	0	0.037037037037037035
INFO:root:    f_priv                  0	0	0.037037037037037035
INFO:root:    f_priv_s                0	0	0.037037037037037035
INFO:root:    lines_count             18	18	0.1111111111111111
INFO:root:    xref_count              20	20	0.1111111111111111
INFO:root:    imports_clean           0	0	0.07407407407407407
INFO:root:    imports_mangled         0	0	0.07407407407407407
INFO:root:    demangled_identifiers   []	['-']	0.059259259259259255
INFO:root:    func_arguments          ['-']	[]	0.08888888888888888
INFO:root:HangingApathetic is similar to ComplexLarge with k=0.9259259259259259
INFO:root:    v_pub                   4	4	0.037037037037037035
INFO:root:    v_pub_s                 0	0	0.037037037037037035
INFO:root:    v_priv                  0	0	0.037037037037037035
INFO:root:    v_priv_s                0	0	0.037037037037037035
INFO:root:    c_pub                   0	0	0.037037037037037035
INFO:root:    c_pub_s                 29	29	0.037037037037037035
INFO:root:    c_priv                  0	0	0.037037037037037035
INFO:root:    c_priv_s                0	0	0.037037037037037035
INFO:root:    f_pub                   1	1	0.037037037037037035
INFO:root:    f_pub_s                 1	1	0.037037037037037035
INFO:root:    f_priv                  0	0	0.037037037037037035
INFO:root:    f_priv_s                0	0	0.037037037037037035
INFO:root:    lines_count             121	121	0.1111111111111111
INFO:root:    xref_count              37	37	0.1111111111111111
INFO:root:    imports_clean           0	0	0.07407407407407407
INFO:root:    imports_mangled         0	0	0.07407407407407407
INFO:root:    demangled_identifiers   []	['int', 'intStriStri=nBool=f']	0.04444444444444444
INFO:root:    func_arguments          ['int', 'intStriStri=nBool=f']	[]	0.06666666666666665
INFO:root:Found new class CryClub
INFO:root:ZonkedPanoramic is similar to NotebookCrowded with k=0.962962962962963
INFO:root:    v_pub                   0	0	0.037037037037037035
INFO:root:    v_pub_s                 0	0	0.037037037037037035
INFO:root:    v_priv                  0	0	0.037037037037037035
INFO:root:    v_priv_s                0	0	0.037037037037037035
INFO:root:    c_pub                   0	0	0.037037037037037035
INFO:root:    c_pub_s                 0	0	0.037037037037037035
INFO:root:    c_priv                  0	0	0.037037037037037035
INFO:root:    c_priv_s                0	0	0.037037037037037035
INFO:root:    f_pub                   1	1	0.037037037037037035
INFO:root:    f_pub_s                 0	0	0.037037037037037035
INFO:root:    f_priv                  0	0	0.037037037037037035
INFO:root:    f_priv_s                0	0	0.037037037037037035
INFO:root:    lines_count             16	16	0.1111111111111111
INFO:root:    xref_count              5	5	0.1111111111111111
INFO:root:    imports_clean           0	0	0.07407407407407407
INFO:root:    imports_mangled         0	0	0.07407407407407407
INFO:root:    demangled_identifiers   []	['intBoolStriBool']	0.059259259259259255
INFO:root:    func_arguments          ['intBoolStriBool']	[]	0.08888888888888888
INFO:root:Found new class MarkDetermined
INFO:root:SistersTasteless is similar to BorrowInstruct with k=0.962962962962963
INFO:root:    v_pub                   0	0	0.037037037037037035
INFO:root:    v_pub_s                 0	0	0.037037037037037035
INFO:root:    v_priv                  0	0	0.037037037037037035
INFO:root:    v_priv_s                0	0	0.037037037037037035
INFO:root:    c_pub                   0	0	0.037037037037037035
INFO:root:    c_pub_s                 0	0	0.037037037037037035
INFO:root:    c_priv                  0	0	0.037037037037037035
INFO:root:    c_priv_s                0	0	0.037037037037037035
INFO:root:    f_pub                   1	1	0.037037037037037035
INFO:root:    f_pub_s                 0	0	0.037037037037037035
INFO:root:    f_priv                  0	0	0.037037037037037035
INFO:root:    f_priv_s                0	0	0.037037037037037035
INFO:root:    lines_count             30	30	0.1111111111111111
INFO:root:    xref_count              1	1	0.1111111111111111
INFO:root:    imports_clean           0	0	0.07407407407407407
INFO:root:    imports_mangled         0	0	0.07407407407407407
INFO:root:    demangled_identifiers   []	['intArra']	0.059259259259259255
INFO:root:    func_arguments          ['intArra']	[]	0.08888888888888888
INFO:root:Found new class LamentableIllustrious
INFO:root:ObeisantCrown is similar to CrackerHistorical with k=0.9259259259259259
INFO:root:    v_pub                   3	3	0.037037037037037035
INFO:root:    v_pub_s                 0	0	0.037037037037037035
INFO:root:    v_priv                  0	0	0.037037037037037035
INFO:root:    v_priv_s                0	0	0.037037037037037035
INFO:root:    c_pub                   0	0	0.037037037037037035
INFO:root:    c_pub_s                 0	0	0.037037037037037035
INFO:root:    c_priv                  0	0	0.037037037037037035
INFO:root:    c_priv_s                0	0	0.037037037037037035
INFO:root:    f_pub                   1	1	0.037037037037037035
INFO:root:    f_pub_s                 1	1	0.037037037037037035
INFO:root:    f_priv                  0	0	0.037037037037037035
INFO:root:    f_priv_s                0	0	0.037037037037037035
INFO:root:    lines_count             23	23	0.1111111111111111
INFO:root:    xref_count              9	9	0.1111111111111111
INFO:root:    imports_clean           0	0	0.07407407407407407
INFO:root:    imports_mangled         0	0	0.07407407407407407
INFO:root:    demangled_identifiers   []	['!!', '-']	0.04444444444444444
INFO:root:    func_arguments          ['!!', '-']	[]	0.06666666666666665
INFO:root:SatisfyTremble is similar to StickSigh with k=0.962962962962963
INFO:root:    v_pub                   4	4	0.037037037037037035
INFO:root:    v_pub_s                 0	0	0.037037037037037035
INFO:root:    v_priv                  0	0	0.037037037037037035
INFO:root:    v_priv_s                0	0	0.037037037037037035
INFO:root:    c_pub                   0	0	0.037037037037037035
INFO:root:    c_pub_s                 0	0	0.037037037037037035
INFO:root:    c_priv                  0	0	0.037037037037037035
INFO:root:    c_priv_s                0	0	0.037037037037037035
INFO:root:    f_pub                   1	1	0.037037037037037035
INFO:root:    f_pub_s                 0	0	0.037037037037037035
INFO:root:    f_priv                  0	0	0.037037037037037035
INFO:root:    f_priv_s                0	0	0.037037037037037035
INFO:root:    lines_count             29	29	0.1111111111111111
INFO:root:    xref_count              2	2	0.1111111111111111
INFO:root:    imports_clean           1	1	0.07407407407407407
INFO:root:    imports_mangled         0	0	0.07407407407407407
INFO:root:    demangled_identifiers   []	['Byte']	0.059259259259259255
INFO:root:    func_arguments          ['Byte']	[]	0.08888888888888888
INFO:root:WanderingCrime is similar to SistersLeg with k=1.0
INFO:root:    v_pub                   0	0	0.037037037037037035
INFO:root:    v_pub_s                 0	0	0.037037037037037035
INFO:root:    v_priv                  0	0	0.037037037037037035
INFO:root:    v_priv_s                0	0	0.037037037037037035
INFO:root:    c_pub                   0	0	0.037037037037037035
INFO:root:    c_pub_s                 0	0	0.037037037037037035
INFO:root:    c_priv                  0	0	0.037037037037037035
INFO:root:    c_priv_s                0	0	0.037037037037037035
INFO:root:    f_pub                   13	13	0.037037037037037035
INFO:root:    f_pub_s                 0	0	0.037037037037037035
INFO:root:    f_priv                  0	0	0.037037037037037035
INFO:root:    f_priv_s                0	0	0.037037037037037035
INFO:root:    lines_count             233	233	0.1111111111111111
INFO:root:    xref_count              1	1	0.1111111111111111
INFO:root:    imports_clean           1	1	0.07407407407407407
INFO:root:    imports_mangled         0	0	0.07407407407407407
INFO:root:    demangled_identifiers   ['x_executeResultatDefinirModeSilence', 'x_executeResultatEnvoiMessageChat', 'x_executeResultatEnvoiMessagePrive', 'x_executeResultatEnvoiMessageTribu', 'x_executeResultatListerCanalPublique', 'x_executeResultatQuitterCanalPublique', 'x_executeResultatRejoindreCanalPublique', 'x_executeSignalementMessageChat', 'x_executeSignalementMessagePrive', 'x_executeSignalementMessageTribu', 'x_executeSignalementQuitterCanalPublique', 'x_executeSignalementRejoindreCanalPublique']	['x_executeResultatDefinirModeSilence', 'x_executeResultatEnvoiMessageChat', 'x_executeResultatEnvoiMessagePrive', 'x_executeResultatEnvoiMessageTribu', 'x_executeResultatListerCanalPublique', 'x_executeResultatQuitterCanalPublique', 'x_executeResultatRejoindreCanalPublique', 'x_executeSignalementMessageChat', 'x_executeSignalementMessagePrive', 'x_executeSignalementMessageTribu', 'x_executeSignalementQuitterCanalPublique', 'x_executeSignalementRejoindreCanalPublique']	0.07407407407407407
INFO:root:    func_arguments          ['!', '!', '!', '!', '!', '!', '!', '!', '!', '!', '!', '!', '-']	['!', '!', '!', '!', '!', '!', '!', '!', '!', '!', '!', '!', '-']	0.1111111111111111
INFO:root:TouchTasteless is similar to ScratchBlade with k=0.9259259259259259
INFO:root:    v_pub                   0	0	0.037037037037037035
INFO:root:    v_pub_s                 1	1	0.037037037037037035
INFO:root:    v_priv                  0	0	0.037037037037037035
INFO:root:    v_priv_s                0	0	0.037037037037037035
INFO:root:    c_pub                   0	0	0.037037037037037035
INFO:root:    c_pub_s                 0	0	0.037037037037037035
INFO:root:    c_priv                  0	0	0.037037037037037035
INFO:root:    c_priv_s                0	0	0.037037037037037035
INFO:root:    f_pub                   1	1	0.037037037037037035
INFO:root:    f_pub_s                 1	1	0.037037037037037035
INFO:root:    f_priv                  0	0	0.037037037037037035
INFO:root:    f_priv_s                0	0	0.037037037037037035
INFO:root:    lines_count             133	133	0.1111111111111111
INFO:root:    xref_count              1	1	0.1111111111111111
INFO:root:    imports_clean           2	2	0.07407407407407407
INFO:root:    imports_mangled         0	0	0.07407407407407407
INFO:root:    demangled_identifiers   []	['-', 'Byteint']	0.04444444444444444
INFO:root:    func_arguments          ['-', 'Byteint']	[]	0.06666666666666665
INFO:root:Found new class BagPat
INFO:root:Found new class FrailGate
INFO:root:LookTax is similar to MouseCracker with k=0.9259259259259259
INFO:root:    v_pub                   8	8	0.037037037037037035
INFO:root:    v_pub_s                 1	1	0.037037037037037035
INFO:root:    v_priv                  0	0	0.037037037037037035
INFO:root:    v_priv_s                0	0	0.037037037037037035
INFO:root:    c_pub                   0	0	0.037037037037037035
INFO:root:    c_pub_s                 31	31	0.037037037037037035
INFO:root:    c_priv                  0	0	0.037037037037037035
INFO:root:    c_priv_s                0	0	0.037037037037037035
INFO:root:    f_pub                   1	1	0.037037037037037035
INFO:root:    f_pub_s                 1	1	0.037037037037037035
INFO:root:    f_priv                  0	0	0.037037037037037035
INFO:root:    f_priv_s                0	0	0.037037037037037035
INFO:root:    lines_count             140	140	0.1111111111111111
INFO:root:    xref_count              16	16	0.1111111111111111
INFO:root:    imports_clean           1	1	0.07407407407407407
INFO:root:    imports_mangled         0	0	0.07407407407407407
INFO:root:    demangled_identifiers   []	['int', 'intStriStriStriintintStriStri']	0.04444444444444444
INFO:root:    func_arguments          ['int', 'intStriStriStriintintStriStri']	[]	0.06666666666666665
INFO:root:RecogniseChop is similar to BashfulCompetition with k=1.0
INFO:root:    v_pub                   3	3	0.037037037037037035
INFO:root:    v_pub_s                 0	0	0.037037037037037035
INFO:root:    v_priv                  0	0	0.037037037037037035
INFO:root:    v_priv_s                0	0	0.037037037037037035
INFO:root:    c_pub                   0	0	0.037037037037037035
INFO:root:    c_pub_s                 0	0	0.037037037037037035
INFO:root:    c_priv                  0	0	0.037037037037037035
INFO:root:    c_priv_s                0	0	0.037037037037037035
INFO:root:    f_pub                   1	1	0.037037037037037035
INFO:root:    f_pub_s                 0	0	0.037037037037037035
INFO:root:    f_priv                  0	0	0.037037037037037035
INFO:root:    f_priv_s                0	0	0.037037037037037035
INFO:root:    lines_count             21	21	0.1111111111111111
INFO:root:    xref_count              5	5	0.1111111111111111
INFO:root:    imports_clean           0	0	0.07407407407407407
INFO:root:    imports_mangled         0	0	0.07407407407407407
INFO:root:    demangled_identifiers   ['R']	['R']	0.07407407407407407
INFO:root:    func_arguments          ['-']	['-']	0.1111111111111111
