INFO:root:TabooPlease have found in db by name
INFO:root:MachineFrighten is equal to SeparateStiff (k=1.00
INFO:root:HoseThoughtless is equal to NationInterrupt (k=1.00
INFO:root:PleasePeck is equal to IdeaCareful (k=1.00
INFO:root:RomanticChin is equal to HandSand (k=1.00
INFO:root:FantasticYak is equal to RedundantUnequaled (k=1.00
INFO:root:WipeSki is equal to SighFaithful (k=1.00
INFO:root:ProbableNoiseless is equal to CurvedAgreeable (k=1.00
INFO:root:KneelBrass is equal to SpaceLock (k=1.00
INFO:root:DisturbedGruesome is equal to WiseSound (k=1.00
INFO:root:WipeBathe is equal to SnottyIgnorant (k=1.00
INFO:root:VoiceUnequaled is equal to SeedTumble (k=1.00
INFO:root:RareSeparate is equal to PailDidactic (k=1.00
INFO:root:PloughPlants is equal to BelligerentTax (k=1.00
INFO:root:PaymentTouch is equal to RequestShock (k=1.00
INFO:root:SeaMatch is equal to AutomaticLeg (k=1.00
INFO:root:RejectNotebook is equal to SparkleBalance (k=1.00
INFO:root:AjarKnot is equal to ToothpasteMeasure (k=1.00
INFO:root:HalfFaint is equal to DetailReject (k=1.00
INFO:root:DistroAccurate is equal to OatmealCollect (k=1.00
INFO:root:MarkPlants is equal to SuccessfulWhisper (k=1.00
INFO:root:BackQueue is equal to PhoneAbortive (k=1.00
INFO:root:ChivalrousSpiffy is equal to SleepLanguid (k=1.00
INFO:root:VagabondVulgar is equal to ClammyFit (k=1.00
INFO:root:SupplyBury is equal to PaymentWall (k=1.00
INFO:root:ChubbyFork is equal to DoctorBruise (k=1.00
INFO:root:EarSpot is equal to CrookedHilarious (k=1.00
INFO:root:WordImperfect is equal to OrangesVague (k=1.00
INFO:root:BelligerentImpartial is equal to PearInterrupt (k=1.00
INFO:root:BearSkin is equal to CakeNew (k=1.00
INFO:root:RailwayEggnog is equal to BorrowRabbit (k=1.00
INFO:root:SupplyLook is equal to CarelessIgnorant (k=1.00
INFO:root:SystemImportant is equal to PanickyLetters (k=1.00
INFO:root:SpaceSea is equal to CribIcy (k=1.00
INFO:root:HuskyTremble is equal to LimitClover (k=1.00
INFO:root:StripedClover is equal to UnequalZip (k=1.00
INFO:root:WetAutomatic is equal to AdventurousPoison (k=1.00
INFO:root:PatDivergent is equal to UniqueWail (k=1.00
INFO:root:AnalyzeSincere is equal to WipeWhisper (k=1.00
INFO:root:ChangeableThreatening is equal to SecretHumor (k=1.00
INFO:root:ListDouble is equal to StupidThank (k=1.00
INFO:root:AbortiveThird is equal to TartUnknown (k=1.00
INFO:root:WanderingSpotted is equal to SpikyBruise (k=1.00
INFO:root:CalculatorSecret is equal to ScaredLaughable (k=1.00
INFO:root:PictureBasin is equal to BoundaryAbortive (k=1.00
INFO:root:ForkProse is equal to BearPlough (k=1.00
