INFO:root:MachineFrighten is equal to SeparateStiff (k=1.00
INFO:root:HoseThoughtless is equal to NationInterrupt (k=1.00
INFO:root:PleasePeck is equal to IdeaCareful (k=1.00
INFO:root:RomanticChin is equal to HandSand (k=1.00
INFO:root:FantasticYak is equal to RedundantUnequaled (k=1.00
INFO:root:WipeSki is equal to SighFaithful (k=1.00
INFO:root:ProbableNoiseless is equal to CurvedAgreeable (k=1.00
INFO:root:KneelBrass is equal to SpaceLock (k=1.00
INFO:root:DisturbedGruesome is equal to WiseSound (k=1.00
INFO:root:WipeBathe is equal to SnottyIgnorant (k=1.00
INFO:root:VoiceUnequaled is equal to SeedTumble (k=1.00
INFO:root:RareSeparate is equal to PailDidactic (k=1.00
INFO:root:PloughPlants is equal to BelligerentTax (k=1.00
INFO:root:PaymentTouch is equal to RequestShock (k=1.00
INFO:root:SeaMatch is equal to AutomaticLeg (k=1.00
INFO:root:RejectNotebook is equal to SparkleBalance (k=1.00
INFO:root:AjarKnot is equal to ToothpasteMeasure (k=1.00
INFO:root:HalfFaint is equal to DetailReject (k=1.00
INFO:root:DistroAccurate is equal to OatmealCollect (k=1.00
INFO:root:MarkPlants is equal to SuccessfulWhisper (k=1.00
INFO:root:BackQueue is equal to PhoneAbortive (k=1.00
INFO:root:ChivalrousSpiffy is equal to SleepLanguid (k=1.00
INFO:root:VagabondVulgar is equal to ClammyFit (k=1.00
INFO:root:SupplyBury is equal to PaymentWall (k=1.00
INFO:root:ChubbyFork is equal to DoctorBruise (k=1.00
INFO:root:EarSpot is equal to CrookedHilarious (k=1.00
INFO:root:ReactionSigh is equal to SparkleConfused (k=1.00
INFO:root:WordImperfect is equal to OrangesVague (k=1.00
INFO:root:BelligerentImpartial is equal to PearInterrupt (k=1.00
INFO:root:BearSkin is equal to CakeNew (k=1.00
INFO:root:RailwayEggnog is equal to BorrowRabbit (k=1.00
INFO:root:SupplyLook is equal to CarelessIgnorant (k=1.00
INFO:root:SystemImportant is equal to PanickyLetters (k=1.00
INFO:root:SpaceSea is equal to CribIcy (k=1.00
INFO:root:HuskyTremble is equal to LimitClover (k=1.00
INFO:root:StripedClover is equal to UnequalZip (k=1.00
INFO:root:WetAutomatic is equal to AdventurousPoison (k=1.00
INFO:root:PatDivergent is equal to UniqueWail (k=1.00
INFO:root:AnalyzeSincere is equal to WipeWhisper (k=1.00
INFO:root:ChangeableThreatening is equal to SecretHumor (k=1.00
INFO:root:ListDouble is equal to StupidThank (k=1.00
INFO:root:AbortiveThird is equal to TartUnknown (k=1.00
INFO:root:WanderingSpotted is equal to SpikyBruise (k=1.00
INFO:root:CalculatorSecret is equal to ScaredLaughable (k=1.00
INFO:root:PictureBasin is equal to BoundaryAbortive (k=1.00
INFO:root:ForkProse is equal to BearPlough (k=1.00
INFO:root:ThunderRobin is equal to ScaleBlot (k=1.00
INFO:root:SeriousLocket is equal to UtopianPunch (k=1.00
INFO:root:SuccinctVerdant is equal to LightDear (k=1.00
INFO:root:PuzzledShocking is equal to MomentousDetail (k=1.00
INFO:root:SuccinctMemorize is equal to DeserveJoke (k=1.00
INFO:root:SpiffyKnowledge is equal to NutExpert (k=1.00
INFO:root:RightRedundant is equal to ShortAmuse (k=1.00
INFO:root:DescribeSupply is equal to GrotesqueSwanky (k=1.00
INFO:root:OrderLie is equal to LegsGrate (k=1.00
INFO:root:EggnogSofa is equal to HangingSuit (k=1.00
INFO:root:WrathfulUtopian is equal to ThirdNew (k=1.00
INFO:root:CountBoundless is equal to SpookyButter (k=1.00
INFO:root:CarelessCute is equal to RareBasin (k=1.00
INFO:root:FirstPushy is equal to ThickEvasive (k=1.00
INFO:root:OrangeTaboo is equal to AdventurousConcentrate (k=1.00
INFO:root:ColdPlan is equal to BashfulAttractive (k=1.00
INFO:root:LampAutomatic is equal to JarResolute (k=1.00
INFO:root:ShoeVagabond is equal to RambunctiousFaithful (k=1.00
INFO:root:SpaceHateful is equal to CoalViolet (k=1.00
INFO:root:IdentifyNervous is equal to PenitentDraconian (k=1.00
INFO:root:SubduedThick is equal to LanguidResolute (k=1.00
INFO:root:BaseballWhite is equal to FantasticPossess (k=1.00
INFO:root:AfternoonLip is equal to StoryBear (k=1.00
INFO:root:HangingPuzzled is equal to StatementPuncture (k=1.00
INFO:root:WaitingQuack is equal to ScratchSatisfy (k=1.00
INFO:root:AbortiveFlock is equal to KnotSense (k=1.00
INFO:root:SignBoring is equal to MomentousJoke (k=1.00
INFO:root:CakeTour is equal to TediousAlive (k=1.00
INFO:root:FranticChubby is equal to CartYam (k=1.00
INFO:root:WiseCompetition is equal to BurnSpoon (k=1.00
INFO:root:BuryInvent is equal to UndressGamy (k=1.00
INFO:root:KnowledgeableBear is equal to IllustriousIncrease (k=1.00
INFO:root:ApatheticAjar is equal to OilOven (k=1.00
INFO:root:MarkPerson is equal to DisappearTemper (k=1.00
INFO:root:HumorRedundant is equal to SpaceFlower (k=1.00
INFO:root:TastyLip is equal to DraconianShock (k=1.00
INFO:root:AdaptableNation is equal to FantasticTangy (k=1.00
INFO:root:HilariousWant is equal to RailwayCrown (k=1.00
INFO:root:BitWealthy is equal to PunctureBerry (k=1.00
INFO:root:InnateDecay is equal to HeatSon (k=1.00
INFO:root:WindyFlock is equal to EvasiveSprout (k=1.00
INFO:root:BrushCalculate is equal to BagTreat (k=1.00
INFO:root:CheckChickens is equal to PeckGlow (k=1.00
INFO:root:RightfulDecay is equal to LateSpot (k=1.00
INFO:root:BurlyReligion is equal to WretchedTaboo (k=1.00
INFO:root:SplendidBeginner is equal to SandAnalyze (k=1.00
INFO:root:RailwayPayment is equal to OppositeTremble (k=1.00
INFO:root:MetalBoring is equal to SpyCrowded (k=1.00
INFO:root:RequestWhite is equal to CapriciousImportant (k=1.00
INFO:root:WhistleRetire is equal to SmartSmile (k=1.00
INFO:root:HesitantBelief is equal to DeadpanError (k=1.00
INFO:root:LookStormy is equal to SeaTangy (k=1.00
INFO:root:SenseGlamorous is equal to GloriousLackadaisical (k=1.00
INFO:root:VoraciousPinus is equal to KnotAfterthought (k=1.00
INFO:root:DoubleQuack is equal to TaxChop (k=1.00
INFO:root:InquisitiveIdea is equal to ZincStatement (k=1.00
INFO:root:ButterExotic is equal to FemaleIdentify (k=1.00
INFO:root:ColdBoot is equal to DrownSpy (k=1.00
INFO:root:PerformCalculate is equal to JogIdea (k=1.00
INFO:root:PuzzledSlim is equal to PunctureNaughty (k=1.00
INFO:root:AirPromise is equal to HeatWhistle (k=1.00
INFO:root:LightReminiscent is equal to AutomaticMomentous (k=1.00
INFO:root:SpiffyMessy is equal to ScintillatingShade (k=1.00
INFO:root:ChubbySuper is equal to TaxCloistered (k=1.00
INFO:root:HeartbreakingShort is equal to MeanScale (k=1.00
INFO:root:BirdsLamp is equal to WindDeadpan (k=1.00
INFO:root:InconclusiveSearch is equal to UtopianMachine (k=1.00
INFO:root:InconclusiveGlorious is equal to WantOptimal (k=1.00
INFO:root:VagabondFlock is equal to HarborSalt (k=1.00
INFO:root:StupidFrighten is equal to CartOrder (k=1.00
INFO:root:GrandfatherSearch is equal to KnowledgeBurly (k=1.00
INFO:root:CollectBalance is equal to ConfusedUnwritten (k=1.00
INFO:root:WaitingStory is equal to BasketPanicky (k=1.00
INFO:root:PanoramicEdge is equal to CalculatorSlip (k=1.00
INFO:root:CurvedChickens is equal to SweaterUsed (k=1.00
INFO:root:RightfulJumbled is equal to TastelessGruesome (k=1.00
INFO:root:MouseLamentable is equal to BeliefBirds (k=1.00
INFO:root:ScissorsCrowded is equal to InjureSki (k=1.00
INFO:root:IgnorantNaive is equal to WingBathe (k=1.00
INFO:root:OnerousBirds is equal to StickPipka (k=1.00
INFO:root:LetterThird is equal to NearFrail (k=1.00
INFO:root:GruesomeLamp is equal to EasyExplain (k=1.00
INFO:root:TiresomeFragile is equal to BehaviorHalf (k=1.00
INFO:root:PaltryDeadpan is equal to LegsSuzuka (k=1.00
INFO:root:LaborerSave is equal to ZippyMilky (k=1.00
INFO:root:ThoughtFrighten is equal to UniqueHusky (k=1.00
INFO:root:SlimLudicrous is equal to PhonePenitent (k=1.00
INFO:root:HuskyHateful is equal to IgnorantBreathe (k=1.00
INFO:root:JellyClass is equal to BrassVagabond (k=1.00
INFO:root:NutBeginner is equal to NotebookBelligerent (k=1.00
INFO:root:NoiselessHistory is equal to UniteSmooth (k=1.00
INFO:root:TransportArm is equal to BashfulPoised (k=1.00
INFO:root:CrowdedFrail is equal to RealCake (k=1.00
INFO:root:EngineHysterical is equal to ShutSave (k=1.00
INFO:root:KotskyCake is equal to SqueamishInvent (k=1.00
INFO:root:BasketDidactic is equal to ZonkedWandering (k=1.00
INFO:root:BashfulPaint is equal to TrembleSerious (k=1.00
INFO:root:SteerDelicate is equal to KittensTedious (k=1.00
INFO:root:ToysSystem is equal to PaintAccurate (k=1.00
INFO:root:ArmyPlough is equal to WeightMatch (k=1.00
INFO:root:PleasantLocket is equal to ColorfulBear (k=1.00
INFO:root:DockBright is equal to RetireDrown (k=1.00
INFO:root:WailSpotless is equal to HobbiesOranges (k=1.00
INFO:root:BoringRomantic is equal to SpotShame (k=1.00
INFO:root:CribOnerous is equal to BeadKneel (k=1.00
INFO:root:WanderEyes is equal to SeriousCart (k=1.00
INFO:root:WhistleLight is equal to CryMilky (k=1.00
INFO:root:ToysCommon is equal to PaintStore (k=1.00
INFO:root:ProgramLunasole is equal to WallDecay (k=1.00
INFO:root:JarVolcano is equal to LackadaisicalFour (k=1.00
INFO:root:DiscussionVolcano is equal to CrashPayment (k=1.00
INFO:root:NarrowImpolite is equal to WateryBirds (k=1.00
INFO:root:SnottyCompany is equal to DoctorDislike (k=1.00
INFO:root:BoundaryCold is equal to NeatLackadaisical (k=1.00
INFO:root:CloisteredDislike is equal to ChivalrousOrder (k=1.00
INFO:root:PearSave is equal to WeightStale (k=1.00
INFO:root:FlowSea is equal to ClassResolute (k=1.00
INFO:root:ConditionWait is equal to AgreeOwn (k=1.00
INFO:root:SenseHeat is equal to IgnorantObtainable (k=1.00
INFO:root:BagCat is equal to TediousMomentous (k=1.00
INFO:root:MetalCareless is equal to ChickensWork (k=1.00
INFO:root:CompetitionInquisitive is equal to ApatheticImportant (k=1.00
INFO:root:SpySugar is equal to AdviseSlip (k=1.00
INFO:root:ImpoliteWoman is equal to SquealZip (k=1.00
INFO:root:RecogniseEyes is equal to AlluringFragile (k=1.00
INFO:root:FlockNeighborly is equal to MoveDock (k=1.00
INFO:root:TediousHour is equal to GroundButter (k=1.00
INFO:root:RightfulCurved is equal to BleachOranges (k=1.00
INFO:root:SleepyMeasure is equal to AuntGlorious (k=1.00
INFO:root:SeaPlease is equal to VeilHumor (k=1.00
INFO:root:AgonizingComparison is equal to DelicateThought (k=1.00
INFO:root:MatchOrdinary is equal to WashKnowledgeable (k=1.00
INFO:root:RoomGovernment is equal to ProseWretched (k=1.00
INFO:root:GreedyRetire is equal to FemaleGrate (k=1.00
INFO:root:SugarClammy is equal to GlamorousAngle (k=1.00
INFO:root:ThickPerform is equal to StaleLarge (k=1.00
INFO:root:WorkHeat is equal to RuddyWeight (k=1.00
INFO:root:ManyBathe is equal to ChubbyHeal (k=1.00
INFO:root:LocketSqueamish is equal to ScratchPowerful (k=1.00
INFO:root:CureDiscussion is equal to DisappearPipka (k=1.00
INFO:root:EnergeticChubby is equal to OnerousLabel (k=1.00
INFO:root:FillCan is equal to DinnerAd (k=1.00
INFO:root:SkinBack is equal to ChubbyCrown (k=1.00
INFO:root:BootTransport is equal to OrdinaryMountain (k=1.00
INFO:root:GirlSpy is equal to VoyageCareless (k=1.00
INFO:root:BabiesZip is equal to AlluringRiver (k=1.00
INFO:root:IncompetentChivalrous is equal to UnequalCrowded (k=1.00
INFO:root:ThickImpolite is equal to ReminiscentFrighten (k=1.00
INFO:root:ToysPayment is equal to ZonkedHose (k=1.00
INFO:root:CuteInjure is equal to HocOpposite (k=1.00
INFO:root:AttractiveLamp is equal to RareProgram (k=1.00
INFO:root:LimitTeaching is equal to LettersDeliver (k=1.00
INFO:root:FlashCheck is equal to SaltDoctor (k=1.00
INFO:root:RobinJumbled is equal to CrownSick (k=1.00
INFO:root:WickedRecognise is equal to AccurateFaint (k=1.00
WARNING:root:Found new class IncreaseBury
WARNING:root:Found new class ThunderSquare
INFO:root:BoundlessWren is similar to PunctureAutomatic with k=0.97
INFO:root:    v_pub                   6	6	0.027777777777777776
INFO:root:    v_pub_s                 0	0	0.027777777777777776
INFO:root:    v_priv                  0	0	0.027777777777777776
INFO:root:    v_priv_s                0	0	0.027777777777777776
INFO:root:    c_pub                   0	0	0.027777777777777776
INFO:root:    c_pub_s                 0	0	0.027777777777777776
INFO:root:    c_priv                  0	0	0.027777777777777776
INFO:root:    c_priv_s                0	0	0.027777777777777776
INFO:root:    f_pub                   1	1	0.027777777777777776
INFO:root:    f_pubg                  0	0	0.027777777777777776
INFO:root:    f_pubs                  0	0	0.027777777777777776
INFO:root:    f_opub                  0	0	0.027777777777777776
INFO:root:    f_opubg                 0	0	0.027777777777777776
INFO:root:    f_opubs                 0	0	0.027777777777777776
INFO:root:    f_pub_s                 0	0	0.027777777777777776
INFO:root:    f_pubg_s                0	0	0.027777777777777776
INFO:root:    f_pubs_s                0	0	0.027777777777777776
INFO:root:    f_priv                  0	0	0.027777777777777776
INFO:root:    f_privg                 0	0	0.027777777777777776
INFO:root:    f_privs                 0	0	0.027777777777777776
INFO:root:    f_priv_s                0	0	0.027777777777777776
INFO:root:    lines_count             24	24	0.08333333333333333
INFO:root:    xref_count              26	26	0.08333333333333333
INFO:root:    imports_clean           0	0	0.05555555555555555
INFO:root:    imports_mangled         0	0	0.05555555555555555
INFO:root:    demangled_identifiers   []	['-']	0.04444444444444444
INFO:root:    func_arguments          ['-']	[]	0.06666666666666665
WARNING:root:Found new class SparkleUnequal
WARNING:root:Found new class PaltryViolet
WARNING:root:Found new class EggnogHarbor
INFO:root:MemorizeDelicate is similar to RiverPanoramic with k=0.97
INFO:root:    v_pub                   0	0	0.027777777777777776
INFO:root:    v_pub_s                 0	0	0.027777777777777776
INFO:root:    v_priv                  0	0	0.027777777777777776
INFO:root:    v_priv_s                0	0	0.027777777777777776
INFO:root:    c_pub                   0	0	0.027777777777777776
INFO:root:    c_pub_s                 0	0	0.027777777777777776
INFO:root:    c_priv                  0	0	0.027777777777777776
INFO:root:    c_priv_s                0	0	0.027777777777777776
INFO:root:    f_pub                   1	1	0.027777777777777776
INFO:root:    f_pubg                  0	0	0.027777777777777776
INFO:root:    f_pubs                  0	0	0.027777777777777776
INFO:root:    f_opub                  0	0	0.027777777777777776
INFO:root:    f_opubg                 0	0	0.027777777777777776
INFO:root:    f_opubs                 0	0	0.027777777777777776
INFO:root:    f_pub_s                 0	0	0.027777777777777776
INFO:root:    f_pubg_s                0	0	0.027777777777777776
INFO:root:    f_pubs_s                0	0	0.027777777777777776
INFO:root:    f_priv                  0	0	0.027777777777777776
INFO:root:    f_privg                 0	0	0.027777777777777776
INFO:root:    f_privs                 0	0	0.027777777777777776
INFO:root:    f_priv_s                0	0	0.027777777777777776
INFO:root:    lines_count             23	23	0.08333333333333333
INFO:root:    xref_count              2	2	0.08333333333333333
INFO:root:    imports_clean           5	5	0.05555555555555555
INFO:root:    imports_mangled         0	0	0.05555555555555555
INFO:root:    demangled_identifiers   []	['-']	0.04444444444444444
INFO:root:    func_arguments          ['-']	[]	0.06666666666666665
INFO:root:PipkaSmile is similar to PinusCheck with k=0.97
INFO:root:    v_pub                   0	0	0.027777777777777776
INFO:root:    v_pub_s                 0	0	0.027777777777777776
INFO:root:    v_priv                  0	0	0.027777777777777776
INFO:root:    v_priv_s                0	0	0.027777777777777776
INFO:root:    c_pub                   0	0	0.027777777777777776
INFO:root:    c_pub_s                 0	0	0.027777777777777776
INFO:root:    c_priv                  0	0	0.027777777777777776
INFO:root:    c_priv_s                0	0	0.027777777777777776
INFO:root:    f_pub                   1	1	0.027777777777777776
INFO:root:    f_pubg                  0	0	0.027777777777777776
INFO:root:    f_pubs                  0	0	0.027777777777777776
INFO:root:    f_opub                  0	0	0.027777777777777776
INFO:root:    f_opubg                 0	0	0.027777777777777776
INFO:root:    f_opubs                 0	0	0.027777777777777776
INFO:root:    f_pub_s                 0	0	0.027777777777777776
INFO:root:    f_pubg_s                0	0	0.027777777777777776
INFO:root:    f_pubs_s                0	0	0.027777777777777776
INFO:root:    f_priv                  0	0	0.027777777777777776
INFO:root:    f_privg                 0	0	0.027777777777777776
INFO:root:    f_privs                 0	0	0.027777777777777776
INFO:root:    f_priv_s                0	0	0.027777777777777776
INFO:root:    lines_count             30	30	0.08333333333333333
INFO:root:    xref_count              1	1	0.08333333333333333
INFO:root:    imports_clean           0	0	0.05555555555555555
INFO:root:    imports_mangled         0	0	0.05555555555555555
INFO:root:    demangled_identifiers   []	['intArra']	0.04444444444444444
INFO:root:    func_arguments          ['intArra']	[]	0.06666666666666665
WARNING:root:Found new class CrashRare
