INFO:root:Found new class BruiseAdmire
INFO:root:Found new class CompetitionSqueamish
INFO:root:Found new class SeriousStatement
INFO:root:Found new class DecayDelightful
INFO:root:Found new class AgonizingReligion
INFO:root:Found new class AnusSwanky
INFO:root:Found new class CuteScratch
INFO:root:Found new class HateAnnoying
INFO:root:Found new class ScintillatingWing
INFO:root:Found new class DelightfulMouse
INFO:root:Found new class LabelUncle
INFO:root:Found new class EliteBabies
INFO:root:Found new class AgonizingKnot
INFO:root:Found new class BalvankaNoxious
INFO:root:Found new class BabiesBack
INFO:root:Found new class ListSisters
INFO:root:Found new class BirdDistro
INFO:root:Found new class RobinCry
INFO:root:Found new class AdviseComplex
INFO:root:Found new class ScintillatingLamentable
INFO:root:Found new class WhisperSand
INFO:root:Found new class RayArmy
INFO:root:Found new class WhistleBack
INFO:root:Found new class UnitAdmire
INFO:root:Found new class BerryDeadpan
INFO:root:Found new class MightyIllustrious
INFO:root:Found new class CutePat
INFO:root:Found new class BruiseLoaf
INFO:root:Found new class ActionOranges
INFO:root:Found new class StickUnequaled
INFO:root:Found new class BackChickens
INFO:root:Found new class PlanKotsky
INFO:root:Found new class ActionList
INFO:root:Found new class MarkKnot
INFO:root:Found new class TiresomeKnot
INFO:root:Found new class WingUnit
INFO:root:Found new class JoyousHalf
INFO:root:Found new class SighMark
INFO:root:Found new class SistersWatery
INFO:root:Found new class PinusCrown
INFO:root:Found new class RareDeliver
INFO:root:Found new class FaithfulRequest
INFO:root:Found new class ChivalrousNotebook
INFO:root:Found new class FaintHanging
INFO:root:Found new class OrderLamentable
INFO:root:Found new class SistersPail
INFO:root:Found new class LegSlip
INFO:root:Found new class GapingNoxious
INFO:root:Found new class ScintillatingBorrow
INFO:root:Found new class ClubScintillating
INFO:root:Found new class UnequaledLip
INFO:root:Found new class ArmyBalvanka
INFO:root:Found new class ComplexLoaf
INFO:root:Found new class JoyousDelightful
INFO:root:Found new class CompanySubdued
INFO:root:Found new class TiresomeWaiting
INFO:root:Found new class BorrowAdhesive
INFO:root:Found new class PartyTrail
INFO:root:Found new class TaxMachine
INFO:root:Found new class TrailBurn
INFO:root:Found new class KnotProbable
INFO:root:Found new class CribThick
INFO:root:Found new class SuzukaRare
INFO:root:Found new class MarkScratch
INFO:root:Found new class TastelessPear
INFO:root:Found new class InexpensiveDistro
INFO:root:Found new class CoalFlower
INFO:root:Found new class PatSerious
INFO:root:Found new class QuirkyWicked
INFO:root:Found new class OrangesAdmire
INFO:root:Found new class AgreeNotebook
INFO:root:Found new class EntertainingCompany
INFO:root:Found new class LegApathetic
INFO:root:Found new class ProudAgreeable
INFO:root:Found new class DildoSwanky
INFO:root:Found new class TiresomeWandering
INFO:root:Found new class GapingDistro
INFO:root:Found new class FourLarge
INFO:root:Found new class PearOrder
INFO:root:Found new class BladeParty
INFO:root:Found new class KotskyLip
INFO:root:Found new class SignPlan
INFO:root:Found new class BabiesBury
INFO:root:Found new class DistroFeeble
INFO:root:Found new class DelightfulAction
INFO:root:Found new class AlansonCompetition
INFO:root:Found new class ClubOrder
INFO:root:Found new class LipLarge
INFO:root:Found new class CurvedHydrant
INFO:root:Found new class QuirkyLarge
INFO:root:Found new class BuryThick
INFO:root:Found new class StupidSerious
INFO:root:Found new class FlowerTasteless
INFO:root:Found new class ProbableSpurious
INFO:root:Found new class ScintillatingAdmire
INFO:root:Found new class NotebookObeisant
INFO:root:Found new class GapingGate
INFO:root:Found new class FeebleRequest
INFO:root:Found new class BruiseScale
INFO:root:Found new class HateLoaf
INFO:root:Found new class MachineWindy
INFO:root:Found new class SlipSigh
INFO:root:Found new class AgonizingBird
INFO:root:Found new class PinusKuruma
INFO:root:Found new class AnnoyingAnnoying
INFO:root:Found new class BurnScale
INFO:root:Found new class KnifeCompetition
INFO:root:Found new class PanoramicWindy
INFO:root:Found new class WickedFour
INFO:root:Found new class DelightfulSqueamish
INFO:root:Found new class CrackerCreator
INFO:root:Found new class DelightfulOrange
INFO:root:Found new class FeeblePlan
INFO:root:Found new class ObtainableCrib
INFO:root:Found new class AgreeRay
INFO:root:Found new class KnotSuzuka
INFO:root:Found new class DecayStick
INFO:root:Found new class TouchFaithful
INFO:root:Found new class AbaftChivalrous
INFO:root:Found new class CurvedInstruct
INFO:root:Found new class EntertainingStale
INFO:root:Found new class SqueamishCard
INFO:root:Found new class AgreeableTasteless
INFO:root:Found new class MarkHistorical
INFO:root:Found new class PailGate
INFO:root:Found new class AmuseFix
INFO:root:Found new class LamentableGaping
INFO:root:Found new class ChopWindy
INFO:root:Found new class PeckList
INFO:root:Found new class SighCrime
INFO:root:Found new class CompetitionBury
INFO:root:Found new class BladeAdmire
INFO:root:Found new class CrashSense
INFO:root:Found new class AlansonFour
INFO:root:Found new class SignHeal
INFO:root:Found new class SeedRecognise
INFO:root:Found new class WhisperCompany
INFO:root:Found new class AgreePat
INFO:root:Found new class LegRare
INFO:root:Found new class InexpensiveDelightful
INFO:root:Found new class SqueamishConfused
INFO:root:Found new class BruiseHeal
INFO:root:Found new class HealWarlike
INFO:root:Found new class AirStupid
INFO:root:Found new class NotebookProgram
INFO:root:Found new class PailSeed
INFO:root:Found new class LookLabel
INFO:root:Found new class ConfusedGullible
INFO:root:Found new class StupidVolcano
INFO:root:Found new class InjureBlade
INFO:root:Found new class ListStomach
INFO:root:Found new class WingBlade
INFO:root:Found new class IllustriousAmuse
INFO:root:Found new class StatementNoiseless
INFO:root:Found new class ReligionNoiseless
INFO:root:Found new class CommonBalvanka
INFO:root:Found new class CrashStatement
INFO:root:Found new class AbaftInvite
INFO:root:Found new class UnequaledArmy
INFO:root:Found new class ThickQuirky
INFO:root:Found new class IllustriousRobin
INFO:root:Found new class HangingAnus
INFO:root:Found new class WhistleNoxious
INFO:root:Found new class InjureLarge
INFO:root:Found new class SpuriousClub
INFO:root:Found new class RobinQuirky
INFO:root:Found new class StickSerious
INFO:root:Found new class PipkaBag
INFO:root:Found new class LamentableOrange
INFO:root:Found new class SenseSand
INFO:root:Found new class NotebookKnife
INFO:root:Found new class HystericalNoiseless
INFO:root:Found new class FragileScintillating
INFO:root:Found new class CompetitionKotsky
INFO:root:Found new class WingAnus
INFO:root:Found new class EliteJuice
INFO:root:Found new class DeadpanPlan
INFO:root:Found new class ChickensMighty
INFO:root:Found new class StickAlluring
INFO:root:Found new class KurumaPail
INFO:root:Found new class LookKotsky
INFO:root:Found new class UnitQuirky
INFO:root:Found new class JuiceWing
INFO:root:Found new class StaleFaithful
INFO:root:Found new class PearIllustrious
INFO:root:Found new class CrackerPeck
INFO:root:Found new class BruiseGaping
INFO:root:Found new class InstructSigh
INFO:root:Found new class CoalThick
INFO:root:Found new class YellScale
INFO:root:Found new class ProudBird
INFO:root:Found new class BashfulLamentable
INFO:root:Found new class SuzukaArmy
INFO:root:Found new class UnequaledJuice
INFO:root:Found new class ObeisantHateful
INFO:root:Found new class PearBack
INFO:root:Found new class LoafPail
INFO:root:Found new class ArmyWicked
INFO:root:Found new class DeterminedDeliver
INFO:root:Found new class SenseWaiting
INFO:root:Found new class MarkObtainable
INFO:root:Found new class ZonkedChivalrous
INFO:root:Found new class MetalStore
INFO:root:Found new class CrownConfused
INFO:root:Found new class MetalFragile
INFO:root:Found new class ToeCompany
INFO:root:Found new class WanderingZonked
INFO:root:Found new class InjureArmy
INFO:root:Found new class PanoramicPipka
INFO:root:Found new class ClubMouse
INFO:root:Found new class DildoThick
INFO:root:Found new class HealJumbled
INFO:root:Found new class StayAlluring
INFO:root:Found new class OrangesUncle
INFO:root:Found new class MousePear
INFO:root:Found new class QuirkyDeliver
INFO:root:Found new class CrimeRay
INFO:root:Found new class AirStatement
INFO:root:Found new class SeriousInjure
INFO:root:Found new class FeebleBack
INFO:root:Found new class ComplexHarmony
INFO:root:Found new class ActionFascinated
INFO:root:Found new class DildoNotebook
INFO:root:Found new class KnotBird
INFO:root:Found new class ApatheticProbable
INFO:root:Found new class LoafWhisper
INFO:root:Found new class MarkChop
INFO:root:Found new class NoiselessWarlike
INFO:root:Found new class StomachObtainable
INFO:root:Found new class TastelessGaping
INFO:root:Found new class CurvedQuirky
INFO:root:Found new class InjureBruise
INFO:root:Found new class AgreeableScratch
INFO:root:Found new class SqueamishBlade
INFO:root:Found new class FragileThick
INFO:root:Found new class AmuseHanging
INFO:root:Found new class StickBury
INFO:root:Found new class WhisperChop
INFO:root:Found new class OrangeSisters
INFO:root:Found new class UnequaledPat
INFO:root:Found new class HatefulOranges
INFO:root:Found new class BruiseMilky
INFO:root:Found new class ChivalrousConfused
INFO:root:Found new class BuryHistorical
INFO:root:Found new class LaborerRobin
INFO:root:Found new class ChickenJuice
INFO:root:Found new class KnifeSuzuka
INFO:root:Found new class BorrowUnit
INFO:root:Found new class FaithfulLip
INFO:root:Found new class ListSlip
INFO:root:Found new class WateryElite
INFO:root:Found new class AlansonFrail
INFO:root:Found new class CryZonked
INFO:root:Found new class InjureDistro
INFO:root:Found new class AdmireSense
INFO:root:Found new class VioletObtainable
INFO:root:Found new class TrembleRay
INFO:root:Found new class AdviseLarge
INFO:root:Found new class BorrowAir
INFO:root:Found new class FeebleVolcano
INFO:root:Found new class PipkaZonked
INFO:root:Found new class ChopStatement
INFO:root:Found new class GroundKnife
INFO:root:Found new class SeedChicken
INFO:root:Found new class CurvedSlip
INFO:root:Found new class CrimeIcy
INFO:root:Found new class CuteQuirky
INFO:root:Found new class GroundWindy
INFO:root:Found new class LabelPipka
INFO:root:Found new class MarkTax
INFO:root:Found new class SlipNoiseless
INFO:root:Found new class HydrantInexpensive
INFO:root:Found new class VioletLaborer
INFO:root:Found new class VolcanoAlanson
INFO:root:Found new class LoafUnit
INFO:root:Found new class CuteStomach
INFO:root:Found new class BatheReligion
INFO:root:Found new class HystericalWindy
INFO:root:Found new class DeterminedBerry
INFO:root:Found new class HatePipka
INFO:root:Found new class LipTrail
INFO:root:Found new class CrownList
INFO:root:Found new class LoafBury
INFO:root:Found new class HarmonyLip
INFO:root:Found new class KurumaDistro
INFO:root:Found new class JoyousChicken
INFO:root:Found new class BirdReligion
INFO:root:Found new class AbaftRobin
INFO:root:Found new class CrimeConfused
INFO:root:Found new class CrackerAnnoying
INFO:root:Found new class BagLaborer
INFO:root:Found new class ColorCrib
INFO:root:Found new class VioletList
INFO:root:Found new class DeterminedFragile
INFO:root:Found new class CurvedPrepare
INFO:root:Found new class SandOranges
INFO:root:Found new class EliteGround
INFO:root:Found new class HistoricalSense
INFO:root:Found new class BurnDecay
INFO:root:Found new class GroundDeliver
INFO:root:Found new class CrimeTax
INFO:root:Found new class CrashPlan
INFO:root:Found new class CurvedTax
INFO:root:Found new class BatheLight
INFO:root:Found new class OrangeAgonizing
INFO:root:Found new class LegParty
INFO:root:Found new class MightyDetermined
INFO:root:Found new class LightRare
INFO:root:Found new class PartyPeck
INFO:root:Found new class ZonkedNoiseless
INFO:root:Found new class DeterminedSuper
INFO:root:Found new class MarkHateful
INFO:root:Found new class HateCoal
INFO:root:Found new class AlluringPear
INFO:root:Found new class AgreeMark
INFO:root:Found new class BabiesComplex
INFO:root:Found new class CurvedAnnoying
INFO:root:Found new class PanoramicUncle
INFO:root:Found new class FourElite
INFO:root:Found new class BackStatement
INFO:root:Found new class GullibleGrate
INFO:root:Found new class AirSeed
INFO:root:Found new class GapingCrowded
INFO:root:Found new class GroundGaping
INFO:root:Found new class AmuseSlip
INFO:root:Found new class GapingYell
INFO:root:Found new class FeebleEntertaining
INFO:root:Found new class FeebleSuzuka
INFO:root:Found new class AdviseSand
INFO:root:Found new class GateStupid
INFO:root:Found new class LightSubdued
INFO:root:Found new class OrangesSlip
INFO:root:Found new class CardReligion
INFO:root:Found new class BruiseFascinated
INFO:root:Found new class LipOranges
INFO:root:Found new class BashfulStale
INFO:root:Found new class SuzukaPat
INFO:root:Found new class ChickensSlip
INFO:root:Found new class StupidWaiting
INFO:root:Found new class StickComplex
INFO:root:Found new class SignBathe
INFO:root:Found new class SeriousAction
INFO:root:Found new class WateryProgram
INFO:root:Found new class JoyousVolcano
INFO:root:Found new class SighWandering
INFO:root:Found new class FeebleZonked
INFO:root:Found new class AdmireOrange
INFO:root:Found new class NoiselessList
INFO:root:Found new class CrimeParty
INFO:root:Found new class SeriousLabel
INFO:root:Found new class SighWarlike
INFO:root:Found new class DeliverJuice
INFO:root:Found new class FixSwanky
INFO:root:Found new class BladeSign
INFO:root:Found new class InstructRecognise
INFO:root:Found new class MouseBag
INFO:root:Found new class HateParty
INFO:root:Found new class CompanyAbaft
INFO:root:Found new class ReligionBerry
INFO:root:Found new class SubduedBurn
INFO:root:Found new class RecogniseHate
INFO:root:Found new class RobinAgreeable
INFO:root:Found new class RobinStupid
INFO:root:Found new class WickedVolcano
INFO:root:Found new class AmuseKotsky
INFO:root:Found new class PinusInstruct
INFO:root:Found new class ChickensDecay
INFO:root:Found new class BerryFour
INFO:root:Found new class SqueamishKuruma
INFO:root:Found new class SignProgram
INFO:root:Found new class WateryDistro
INFO:root:Found new class BashfulKuruma
INFO:root:Found new class PatFragile
INFO:root:Found new class BabiesHalf
INFO:root:Found new class ScratchLamentable
INFO:root:Found new class KnifeFragile
INFO:root:Found new class CompetitionHysterical
INFO:root:Found new class WarlikeRecognise
INFO:root:Found new class ProbableNoxious
INFO:root:Found new class WarlikeBag
INFO:root:Found new class CrimeJoyous
INFO:root:Found new class HangingAnnoying
INFO:root:Found new class KnifeLunasole
INFO:root:Found new class StoreCompetition
INFO:root:Found new class HangingProgram
INFO:root:Found new class KurumaSuper
INFO:root:Found new class InstructJoyous
INFO:root:Found new class SandSeed
INFO:root:Found new class AdhesiveEntertaining
INFO:root:Found new class WarlikeWandering
INFO:root:Found new class CrownStupid
INFO:root:Found new class ConfusedIcy
INFO:root:Found new class LunasoleCreator
INFO:root:Found new class ProgramLight
INFO:root:Found new class SenseCrib
INFO:root:Found new class GapingCrash
INFO:root:Found new class FaintFeeble
INFO:root:Found new class HangingSign
INFO:root:Found new class WickedBag
INFO:root:Found new class BagCompetition
INFO:root:Found new class TrembleScintillating
INFO:root:Found new class PlanCompany
INFO:root:Found new class NoiselessScale
INFO:root:Found new class WingInvite
INFO:root:Found new class JoyousUnit
INFO:root:Found new class MarkHanging
INFO:root:Found new class GullibleYell
INFO:root:Found new class GullibleCrib
INFO:root:Found new class KotskyQuirky
INFO:root:Found new class ChopBathe
INFO:root:Found new class PatSupply
INFO:root:Found new class StickSense
INFO:root:Found new class QuirkyAlanson
INFO:root:Found new class GullibleCommon
INFO:root:Found new class NoxiousCommon
INFO:root:Found new class AdhesiveDeliver
INFO:root:Found new class GateSuzuka
INFO:root:Found new class SqueamishDeadpan
INFO:root:Found new class ApatheticProse
INFO:root:Found new class DeterminedWandering
INFO:root:Found new class SuperStatement
INFO:root:Found new class EliteBashful
INFO:root:Found new class NoiselessRare
INFO:root:Found new class ZonkedChicken
INFO:root:Found new class WingLeg
INFO:root:Found new class DecayBalvanka
INFO:root:Found new class CreatorWhistle
INFO:root:Found new class ZonkedBruise
INFO:root:Found new class LoafBorrow
INFO:root:Found new class LipChicken
INFO:root:Found new class AgreeSeed
INFO:root:Found new class IllustriousYell
INFO:root:Found new class BashfulAbaft
INFO:root:Found new class HangingYell
INFO:root:Found new class BuryAdvise
INFO:root:Found new class ColorAbaft
INFO:root:Found new class MightyCrown
INFO:root:Found new class HateDildo
INFO:root:Found new class JoyousCoal
INFO:root:Found new class JuiceProbable
INFO:root:Found new class EntertainingBag
INFO:root:Found new class BerryAdmire
INFO:root:Found new class BashfulLeg
INFO:root:Found new class QuirkyBorrow
INFO:root:Found new class ZonkedWhisper
INFO:root:Found new class PailAnnoying
INFO:root:Found new class PlanCute
INFO:root:Found new class BladeList
INFO:root:Found new class CoalWhistle
INFO:root:Found new class OrangesTiresome
INFO:root:Found new class WickedCracker
INFO:root:Found new class ListBlade
INFO:root:Found new class PatYell
INFO:root:Found new class CreatorAdaptable
INFO:root:Found new class WindyDeliver
INFO:root:Found new class PeckBorrow
INFO:root:Found new class YellDeadpan
INFO:root:Found new class ChickenAmuse
INFO:root:Found new class PanoramicZonked
INFO:root:Found new class TrailChop
INFO:root:Found new class BerryConfused
INFO:root:Found new class PartyPrepare
INFO:root:Found new class ProudProud
INFO:root:Found new class ObeisantLook
INFO:root:Found new class DeterminedParty
INFO:root:Found new class DildoPanoramic
INFO:root:Found new class SuzukaCrash
INFO:root:Found new class VioletTax
INFO:root:Found new class ScratchJuice
INFO:root:Found new class MachineKnot
INFO:root:Found new class WhistleAgonizing
INFO:root:Found new class UnequaledCute
INFO:root:Found new class VolcanoSlip
INFO:root:Found new class ActionInjure
INFO:root:Found new class LipUnequaled
INFO:root:Found new class UnequaledStomach
INFO:root:Found new class StickCrown
INFO:root:Found new class LargeTax
INFO:root:Found new class ColorAmuse
INFO:root:Found new class BalvankaTiresome
INFO:root:Found new class CompetitionChop
INFO:root:Found new class ProudYell
INFO:root:Found new class CompanyWing
INFO:root:Found new class StatementClub
INFO:root:Found new class WhisperOrder
INFO:root:Found new class SqueamishMighty
INFO:root:Found new class HarmonySeed
INFO:root:Found new class InjureUnequaled
INFO:root:Found new class TouchBag
INFO:root:Found new class SandIllustrious
INFO:root:Found new class MachineBashful
INFO:root:Found new class CryWindy
INFO:root:Found new class CrackerStomach
INFO:root:Found new class SandJuice
INFO:root:Found new class VolcanoRare
INFO:root:Found new class StomachProgram
INFO:root:Found new class CompanyApathetic
INFO:root:Found new class SpuriousAir
INFO:root:Found new class HarmonyIllustrious
INFO:root:Found new class PartyList
INFO:root:Found new class LunasoleAir
INFO:root:Found new class WickedZonked
INFO:root:Found new class ColorCrowded
INFO:root:Found new class InjureFour
INFO:root:Found new class SignSuzuka
INFO:root:Found new class MilkyRobin
INFO:root:Found new class FascinatedGrate
INFO:root:Found new class ChickenBashful
INFO:root:Found new class BuryAlluring
INFO:root:Found new class AdmireHate
INFO:root:Found new class VioletMilky
INFO:root:Found new class FascinatedLight
INFO:root:Found new class SighWhisper
INFO:root:Found new class StomachTax
INFO:root:Found new class MightyChicken
INFO:root:Found new class HydrantPat
INFO:root:Found new class HangingCrib
INFO:root:Found new class CrashFragile
INFO:root:Found new class CuteLight
INFO:root:Found new class LargeMilky
INFO:root:Found new class LipFaint
INFO:root:Found new class LookAction
INFO:root:Found new class SeedAgree
INFO:root:Found new class SpuriousRequest
INFO:root:Found new class PinusStomach
INFO:root:Found new class SuperHateful
INFO:root:Found new class ClubFragile
INFO:root:Found new class OrderSuzuka
INFO:root:Found new class SpuriousUncle
INFO:root:Found new class JoyousHarmony
INFO:root:Found new class BuryClub
INFO:root:Found new class BruiseWarlike
INFO:root:Found new class VioletProgram
INFO:root:Found new class CardPeck
INFO:root:Found new class ToeAction
INFO:root:Found new class ChopMark
INFO:root:Found new class StayBathe
INFO:root:Found new class HistoricalBag
INFO:root:Found new class MarkZonked
INFO:root:Found new class HarmonyCrime
INFO:root:Found new class ClubScratch
INFO:root:Found new class ComplexCreator
INFO:root:Found new class SeriousCrime
INFO:root:Found new class SuzukaAmuse
INFO:root:Found new class AgreeKotsky
INFO:root:Found new class GapingCommon
INFO:root:Found new class AnusWarlike
INFO:root:Found new class CrimePail
INFO:root:Found new class BashfulRare
INFO:root:Found new class HistoricalMachine
INFO:root:Found new class ClubBorrow
INFO:root:Found new class DecayStomach
INFO:root:Found new class BatheSisters
INFO:root:Found new class WhistleDeadpan
INFO:root:Found new class ChickenMilky
INFO:root:Found new class RequestInexpensive
INFO:root:Found new class YellWarlike
INFO:root:Found new class SignTiresome
INFO:root:Found new class ObtainableGate
INFO:root:Found new class StoreRare
INFO:root:Found new class NotebookRare
INFO:root:Found new class BackWing
INFO:root:Found new class QuirkyCreator
INFO:root:Found new class ColorLabel
INFO:root:Found new class MilkyFix
INFO:root:Found new class BatheSqueamish
INFO:root:Found new class WarlikeChivalrous
INFO:root:Found new class RareHateful
INFO:root:Found new class BatheWhistle
INFO:root:Found new class CardDecay
INFO:root:Found new class LargeDelightful
INFO:root:Found new class AdviseSense
INFO:root:Found new class GapingReligion
INFO:root:Found new class StoreHarmony
INFO:root:Found new class WanderingCrime
INFO:root:Found new class UnequaledMark
INFO:root:Found new class ColorSigh
INFO:root:Found new class DeterminedCute
INFO:root:Found new class GullibleAmuse
INFO:root:Found new class ApatheticBruise
INFO:root:Found new class AmuseInexpensive
INFO:root:Found new class TastelessKuruma
INFO:root:Found new class AdhesiveNoxious
INFO:root:Found new class NoiselessIcy
INFO:root:Found new class ReligionIcy
INFO:root:Found new class QuirkyStale
INFO:root:Found new class WickedPat
INFO:root:Found new class GullibleThick
INFO:root:Found new class JuiceMachine
INFO:root:Found new class CoalEntertaining
INFO:root:Found new class MetalLarge
INFO:root:Found new class DecayTouch
INFO:root:Found new class KnifeComplex
INFO:root:Found new class ChopFascinated
INFO:root:Found new class BagBruise
INFO:root:Found new class ChivalrousAlluring
INFO:root:Found new class HystericalHalf
INFO:root:Found new class GrateObeisant
INFO:root:Found new class InexpensiveChickens
INFO:root:Found new class InexpensiveCrown
INFO:root:Found new class ClubFaint
INFO:root:Found new class CryScratch
INFO:root:Found new class PatGround
INFO:root:Found new class LightCrib
INFO:root:Found new class CompanyInjure
INFO:root:Found new class InjureAdmire
INFO:root:Found new class HateGaping
INFO:root:Found new class HateSlip
INFO:root:Found new class EliteQuirky
INFO:root:Found new class PanoramicRay
INFO:root:Found new class CribCrime
INFO:root:Found new class ZonkedCrime
INFO:root:Found new class AdhesiveElite
INFO:root:Found new class SistersSuper
INFO:root:Found new class PlanAgreeable
INFO:root:Found new class InexpensiveBathe
INFO:root:Found new class PrepareAction
INFO:root:Found new class CompanyHydrant
INFO:root:Found new class BladeClub
INFO:root:Found new class KurumaOrange
INFO:root:Found new class CompetitionBurn
INFO:root:Found new class ScintillatingPrepare
INFO:root:Found new class WickedSatisfy
INFO:root:Found new class DeadpanLamentable
INFO:root:Found new class SighRay
INFO:root:Found new class PartyVolcano
INFO:root:Found new class FaintMark
INFO:root:Found new class ActionBack
INFO:root:Found new class DelightfulToe
INFO:root:Found new class FaithfulHarmony
INFO:root:Found new class ColorAgree
INFO:root:Found new class AdviseAdhesive
INFO:root:Found new class PailHistorical
INFO:root:Found new class ThickToe
INFO:root:Found new class JuiceLight
INFO:root:Found new class SeriousSerious
INFO:root:Found new class InjureBird
INFO:root:Found new class StaleLight
INFO:root:Found new class PartyFascinated
INFO:root:Found new class SwankyGaping
INFO:root:Found new class BurnMachine
INFO:root:Found new class RayUnit
INFO:root:Found new class RobinAdvise
INFO:root:Found new class CoalTiresome
INFO:root:Found new class StupidThick
INFO:root:Found new class PailViolet
INFO:root:Found new class StaleBathe
INFO:root:Found new class DistroSense
INFO:root:Found new class PanoramicFeeble
INFO:root:Found new class ComplexAnus
INFO:root:Found new class TiresomeColor
INFO:root:Found new class StickStatement
INFO:root:Found new class GullibleAlluring
INFO:root:Found new class IcyBathe
INFO:root:Found new class FaithfulTax
INFO:root:Found new class FixFeeble
INFO:root:Found new class StaySisters
INFO:root:Found new class StaleStupid
INFO:root:Found new class PatWhistle
INFO:root:Found new class PatBury
INFO:root:Found new class UncleInjure
INFO:root:Found new class HangingWandering
INFO:root:Found new class PearPat
INFO:root:Found new class ChopChickens
INFO:root:Found new class ProseStore
INFO:root:Found new class PipkaBurn
INFO:root:Found new class StickClub
INFO:root:Found new class LamentableCoal
INFO:root:Found new class CreatorCreator
INFO:root:Found new class InviteTax
INFO:root:Found new class MilkyArmy
INFO:root:Found new class QuirkyScale
INFO:root:Found new class ChopCrown
INFO:root:Found new class BerryBalvanka
INFO:root:Found new class ChickensConfused
INFO:root:Found new class PrepareProgram
INFO:root:Found new class NoiselessBathe
INFO:root:Found new class SistersUnequaled
INFO:root:Found new class AdaptableHysterical
INFO:root:Found new class AlansonGrate
INFO:root:Found new class ThickSlip
INFO:root:Found new class FlowerBury
INFO:root:Found new class CrimeHalf
INFO:root:Found new class LargeGate
INFO:root:Found new class UnequaledStupid
INFO:root:Found new class HatefulWarlike
INFO:root:Found new class HystericalNoxious
INFO:root:Found new class FlowerCompany
INFO:root:Found new class KnifeDelightful
INFO:root:Found new class WarlikeFix
INFO:root:Found new class CrackerStupid
INFO:root:Found new class HistoricalBurn
INFO:root:Found new class AdviseStay
INFO:root:Found new class PatAdhesive
INFO:root:Found new class ProudSeed
INFO:root:Found new class LamentablePlan
INFO:root:Found new class CoalChivalrous
INFO:root:Found new class RareSqueamish
INFO:root:Found new class LoafAgree
INFO:root:Found new class DeliverAdhesive
INFO:root:Found new class JumbledReligion
INFO:root:Found new class StoreLunasole
INFO:root:Found new class AdaptableBorrow
INFO:root:Found new class DildoStick
INFO:root:Found new class EliteProse
INFO:root:Found new class TouchMachine
INFO:root:Found new class ClubInjure
INFO:root:Found new class WarlikeProse
INFO:root:Found new class AdviseHysterical
INFO:root:Found new class ProseBurn
INFO:root:Found new class RareMighty
INFO:root:Found new class ZonkedKnot
INFO:root:Found new class AlansonPrepare
INFO:root:Found new class JoyousTrail
INFO:root:Found new class TouchWing
INFO:root:Found new class ScratchConfused
INFO:root:Found new class LabelBurn
INFO:root:Found new class DeterminedStomach
INFO:root:Found new class CompanyWicked
INFO:root:Found new class HatefulRobin
INFO:root:Found new class AlansonSisters
INFO:root:Found new class PeckCrib
INFO:root:Found new class SandBashful
INFO:root:Found new class BabiesKnife
INFO:root:Found new class LabelDetermined
INFO:root:Found new class StatementOrange
INFO:root:Found new class BladeKuruma
INFO:root:Found new class HealCrib
INFO:root:Found new class CuteConfused
INFO:root:Found new class UncleSwanky
INFO:root:Found new class ChickensMilky
INFO:root:Found new class RobinComplex
INFO:root:Found new class BorrowPanoramic
INFO:root:Found new class CommonEntertaining
INFO:root:Found new class JumbledBerry
INFO:root:Found new class BabiesWindy
INFO:root:Found new class SeedLabel
INFO:root:Found new class ScratchYell
INFO:root:Found new class InviteReligion
INFO:root:Found new class GroundFrail
INFO:root:Found new class UncleScintillating
INFO:root:Found new class DistroAbaft
INFO:root:Found new class TastelessRequest
INFO:root:Found new class HatefulJumbled
INFO:root:Found new class DistroLamentable
INFO:root:Found new class CuteLoaf
INFO:root:Found new class CompetitionBabies
INFO:root:Found new class PipkaDeadpan
INFO:root:Found new class SeriousRay
INFO:root:Found new class AdmireHeal
INFO:root:Found new class CrashMouse
INFO:root:Found new class DecayTasteless
INFO:root:Found new class TrembleStick
INFO:root:Found new class LegKnife
INFO:root:Found new class ArmyRecognise
INFO:root:Found new class CuteInvite
INFO:root:Found new class EliteSuzuka
INFO:root:Found new class DeadpanTrail
INFO:root:Found new class DeadpanFaint
INFO:root:Found new class TouchGround
INFO:root:Found new class CompetitionCrowded
INFO:root:Found new class VolcanoKnot
INFO:root:Found new class ProudOrange
INFO:root:Found new class AnusInstruct
INFO:root:Found new class StoreRobin
INFO:root:Found new class FlowerUnit
INFO:root:Found new class HateOrder
INFO:root:Found new class ColorVolcano
INFO:root:Found new class ProgramMark
INFO:root:Found new class StayOrange
INFO:root:Found new class AmuseProud
INFO:root:Found new class PipkaBathe
INFO:root:Found new class CrimeKnot
INFO:root:Found new class HarmonyPail
INFO:root:Found new class GapingNoiseless
INFO:root:Found new class LegBag
INFO:root:Found new class MarkCrash
INFO:root:Found new class RobinSisters
INFO:root:Found new class CommonWicked
INFO:root:Found new class FascinatedCute
INFO:root:Found new class LaborerSense
INFO:root:Found new class JumbledWatery
INFO:root:Found new class IcyBack
INFO:root:Found new class HatefulStick
INFO:root:Found new class HarmonyTremble
INFO:root:Found new class SighFlower
INFO:root:Found new class CompanyDetermined
INFO:root:Found new class VolcanoSatisfy
INFO:root:Found new class PailSand
INFO:root:Found new class RequestStomach
INFO:root:Found new class ScintillatingParty
INFO:root:Found new class PartyCurved
INFO:root:Found new class PipkaAction
INFO:root:Found new class ApatheticDeliver
INFO:root:Found new class LunasoleJoyous
INFO:root:Found new class CommonSerious
INFO:root:Found new class BorrowNotebook
INFO:root:Found new class StomachOrder
INFO:root:Found new class PearInjure
INFO:root:Found new class OrangeCompany
INFO:root:Found new class TastelessLight
INFO:root:Found new class FlowerScintillating
INFO:root:Found new class TaxObeisant
INFO:root:Found new class FaithfulLight
INFO:root:Found new class FragileCompetition
INFO:root:Found new class CrowdedDildo
INFO:root:Found new class SqueamishStatement
INFO:root:Found new class SenseAgreeable
INFO:root:Found new class VolcanoBury
INFO:root:Found new class LargeHistorical
INFO:root:Found new class SubduedLight
INFO:root:Found new class ScaleStatement
INFO:root:Found new class DeadpanBack
INFO:root:Found new class ProbableTiresome
INFO:root:Found new class IcyEntertaining
INFO:root:Found new class SatisfySuzuka
INFO:root:Found new class DildoAdhesive
INFO:root:Found new class CoalComplex
INFO:root:Found new class PlanScintillating
INFO:root:Found new class RequestScale
INFO:root:Found new class KotskyStupid
INFO:root:Found new class OrangesParty
INFO:root:Found new class WhistleRare
INFO:root:Found new class CreatorFour
INFO:root:Found new class PanoramicSuzuka
INFO:root:Found new class TiresomeCry
INFO:root:Found new class ChivalrousStatement
INFO:root:Found new class StoreBruise
INFO:root:Found new class AdhesiveIcy
INFO:root:Found new class IllustriousSupply
INFO:root:Found new class ProgramWhisper
INFO:root:Found new class VioletPrepare
INFO:root:Found new class PeckChicken
INFO:root:Found new class StupidApathetic
INFO:root:Found new class MarkSubdued
INFO:root:Found new class UnitLook
INFO:root:Found new class StupidChickens
INFO:root:Found new class BuryPat
INFO:root:Found new class ChivalrousBabies
INFO:root:Found new class LipApathetic
INFO:root:Found new class TaxSqueamish
INFO:root:Found new class CribVolcano
INFO:root:Found new class SenseVolcano
INFO:root:Found new class ListRecognise
INFO:root:Found new class ObeisantAgreeable
INFO:root:Found new class WhisperSeed
INFO:root:Found new class JumbledRecognise
INFO:root:Found new class WhistleCrime
INFO:root:Found new class ChivalrousSqueamish
INFO:root:Found new class AgreeRequest
INFO:root:Found new class InviteYell
INFO:root:Found new class EntertainingFascinated
INFO:root:Found new class InviteHanging
INFO:root:Found new class CribWarlike
INFO:root:Found new class ClubFlower
INFO:root:Found new class HalfCompany
INFO:root:Found new class AnnoyingGaping
INFO:root:Found new class DildoFeeble
INFO:root:Found new class SpuriousBird
INFO:root:Found new class ArmyAir
INFO:root:Found new class StickAnus
INFO:root:Found new class WhistleLook
INFO:root:Found new class CompetitionDelightful
INFO:root:Found new class RequestEntertaining
INFO:root:Found new class ChickenSlip
INFO:root:Found new class DeadpanAdmire
INFO:root:Found new class BackIcy
INFO:root:Found new class CardHanging
INFO:root:Found new class AbaftFaint
INFO:root:Found new class SandGaping
INFO:root:Found new class TrembleMilky
INFO:root:Found new class YellMighty
INFO:root:Found new class CrashGrate
INFO:root:Found new class SpuriousList
INFO:root:Found new class HangingLight
INFO:root:Found new class ChickensStore
INFO:root:Found new class WanderingChicken
INFO:root:Found new class AlansonWhisper
INFO:root:Found new class ZonkedHalf
INFO:root:Found new class MetalSwanky
INFO:root:Found new class QuirkyProgram
INFO:root:Found new class CurvedCoal
INFO:root:Found new class SupplyChop
INFO:root:Found new class GrateLaborer
INFO:root:Found new class AmuseLunasole
INFO:root:Found new class WhisperWandering
INFO:root:Found new class AirStore
INFO:root:Found new class AlansonPear
INFO:root:Found new class OrangeAgree
INFO:root:Found new class SlipAdhesive
INFO:root:Found new class TouchScintillating
INFO:root:Found new class StoreCrown
INFO:root:Found new class TouchArmy
INFO:root:Found new class UncleUncle
INFO:root:Found new class TrembleKnife
INFO:root:Found new class AirLunasole
INFO:root:Found new class AdaptableGrate
INFO:root:Found new class HalfWaiting
INFO:root:Found new class LabelLight
INFO:root:Found new class BashfulSign
INFO:root:Found new class OrangeSense
INFO:root:Found new class OrangeDeliver
INFO:root:Found new class CommonObtainable
INFO:root:Found new class BorrowLarge
INFO:root:Found new class ActionAmuse
INFO:root:Found new class ProudElite
INFO:root:Found new class MilkyBathe
INFO:root:Found new class WickedCoal
INFO:root:Found new class FourSense
INFO:root:Found new class SupplyCommon
INFO:root:Found new class GateNotebook
INFO:root:Found new class QuirkyReligion
INFO:root:Found new class SwankyLarge
INFO:root:Found new class PatMachine
INFO:root:Found new class BackProgram
INFO:root:Found new class RayWicked
INFO:root:Found new class SpuriousSlip
INFO:root:Found new class HealChivalrous
INFO:root:Found new class PlanCrib
INFO:root:Found new class LightHydrant
INFO:root:Found new class DeterminedJumbled
INFO:root:Found new class StoreThick
INFO:root:Found new class CrowdedPrepare
INFO:root:Found new class BuryHate
INFO:root:Found new class AlluringDistro
INFO:root:Found new class LoafHydrant
INFO:root:Found new class StupidInjure
INFO:root:Found new class SandMark
INFO:root:Found new class AirPat
INFO:root:Found new class KnotAlluring
INFO:root:Found new class DelightfulElite
INFO:root:Found new class MightyGrate
INFO:root:Found new class KnotSerious
INFO:root:Found new class BladeIcy
INFO:root:Found new class AmuseAir
INFO:root:Found new class LoafFascinated
INFO:root:Found new class AnusOrange
INFO:root:Found new class BerryRecognise
